Reading startup commands from /home/cdaq/.root/rootlogon.C

Processing SCRIPTS/COIN/PRODUCTION/replay_production_coin_pElec_hProt.C(26288,-1,1)...
Opening parameter file: [0] DBASE/COIN/standard.database
Reading Parameters for run 26288
Opening parameter file: [0] DBASE/COIN/general.param
Opening parameter file: [1] PARAM/GEN/genflags.param
Opening parameter file: [1] PARAM/GEN/gdebug.param
Opening parameter file: [1] PARAM/GEN/gtarget.param
Opening parameter file: [1] PARAM/GEN/gbeam.param
Opening parameter file: [1] PARAM/GEN/gscalers.param
Opening parameter file: [1] PARAM/HMS/GEN/hcana.param
Opening parameter file: [1] PARAM/HMS/GEN/hdebug.param
Opening parameter file: [1] PARAM/HMS/GEN/hmsflags.param
Opening parameter file: [1] PARAM/HMS/GEN/htracking.param
Opening parameter file: [1] PARAM/HMS/GEN/h_reftime_cut_coindaq.param
Opening parameter file: [1] PARAM/HMS/CER/hcer_geom.param
Opening parameter file: [1] PARAM/HMS/DC/hdc_geom.param
Opening parameter file: [1] PARAM/HMS/HODO/hhodo_geom.param
Opening parameter file: [1] PARAM/HMS/AERO/haero_geom.param
Opening parameter file: [1] PARAM/HMS/CAL/hcal_geom.param
Opening parameter file: [1] PARAM/HMS/CER/hcer_cuts.param
Opening parameter file: [1] PARAM/HMS/DC/hdc_cuts.param
Opening parameter file: [1] PARAM/HMS/HODO/hhodo_cuts.param
Opening parameter file: [1] PARAM/HMS/AERO/haero_cuts.param
Opening parameter file: [1] PARAM/HMS/CAL/hcal_cuts.param
Opening parameter file: [1] PARAM/HMS/CER/hcer_calib.param
Opening parameter file: [1] PARAM/HMS/DC/hdc_calib.param
Opening parameter file: [1] PARAM/HMS/DC/hdc_tzero_per_wire.param
Opening parameter file: [1] PARAM/HMS/HODO/hhodo_calib.param
Opening parameter file: [1] PARAM/HMS/HODO/hhodo_TWcalib.param
Opening parameter file: [1] PARAM/HMS/HODO/hhodo_Vpcalib.param
Opening parameter file: [1] PARAM/HMS/AERO/haero_calib.param
Opening parameter file: [1] PARAM/HMS/CAL/hcal_calib.param
Opening parameter file: [1] PARAM/SHMS/GEN/pcana.param
Opening parameter file: [1] PARAM/SHMS/GEN/pdebug.param
Opening parameter file: [1] PARAM/SHMS/GEN/shmsflags.param
Opening parameter file: [1] PARAM/SHMS/GEN/ptracking.param
Opening parameter file: [1] PARAM/SHMS/GEN/p_reftime_cut.param
Opening parameter file: [1] PARAM/SHMS/NGCER/pngcer_geom.param
Opening parameter file: [1] PARAM/SHMS/DC/pdc_geom.param
Opening parameter file: [1] PARAM/SHMS/HODO/phodo_geom.param
Opening parameter file: [1] PARAM/SHMS/HGCER/phgcer_geom.param
Opening parameter file: [1] PARAM/SHMS/AERO/paero_geom.param
Opening parameter file: [1] PARAM/SHMS/CAL/pcal_geom.param
Opening parameter file: [1] PARAM/SHMS/NGCER/pngcer_cuts.param
Opening parameter file: [1] PARAM/SHMS/DC/pdc_cuts.param
Opening parameter file: [1] PARAM/SHMS/HODO/phodo_cuts.param
Opening parameter file: [1] PARAM/SHMS/HGCER/phgcer_cuts.param
Opening parameter file: [1] PARAM/SHMS/AERO/paero_cuts.param
Opening parameter file: [1] PARAM/SHMS/CAL/pcal_cuts.param
Opening parameter file: [1] PARAM/SHMS/NGCER/pngcer_calib.param
Opening parameter file: [1] PARAM/SHMS/DC/pdc_calib.param
Opening parameter file: [1] PARAM/SHMS/DC/pdc_tzero_per_wire.param
Opening parameter file: [1] PARAM/SHMS/HODO/phodo_calib.param
Opening parameter file: [1] PARAM/SHMS/HODO/phodo_TWcalib.param
Opening parameter file: [1] PARAM/SHMS/HODO/phodo_Vpcalib.param
Opening parameter file: [1] PARAM/SHMS/HGCER/phgcer_calib.param
Opening parameter file: [1] PARAM/SHMS/AERO/paero_calib.param
Opening parameter file: [1] PARAM/SHMS/CAL/pcal_calib.param
Opening parameter file: [0] DBASE/COIN/standard.kinematics
Reading Parameters for run 26288
Opening parameter file: [0] PARAM/TRIG/tcoin.param
Opening parameter file: [0] PARAM/HMS/GEN/h_fadc_debug.param
Opening parameter file: [0] PARAM/SHMS/GEN/p_fadc_debug.param
Opening parameter file: [0] PARAM/SHMS/GEN/pdet_cuts_no_timing_windows.param
Opening parameter file: [1] PARAM/SHMS/NGCER/pngcer_cuts_no_timing_windows.param
Opening parameter file: [1] PARAM/SHMS/AERO/paero_cuts_no_timing_windows.param
Opening parameter file: [1] PARAM/SHMS/CAL/pcal_cuts_no_timing_windows.param
Opening parameter file: [0] PARAM/HMS/GEN/hdet_cuts_no_timing_windows.param
Opening parameter file: [1] PARAM/HMS/CER/hcer_cuts_no_timing_windows.param
Opening parameter file: [1] PARAM/HMS/DC/hdc_cuts_no_timing_windows.param
Opening parameter file: [1] PARAM/HMS/HODO/hhodo_cuts_no_timing_windows.param
Opening parameter file: [1] PARAM/HMS/AERO/haero_cuts_no_timing_windows.param
Opening parameter file: [1] PARAM/HMS/CAL/hcal_cuts_no_timing_windows.param

 Detector ID Map

   HDC 11
   HSCIN 13
   HCER 14
   HCAL 15
   HRASTER 18
   PNGCER 21
   PDC 22
   PSCIN 23
   PHGCER 24
   PAERO 25
   PCAL 26
   PRASTER 28
   TCOIN 30

THcRun  "uninitialized run"
Run number:   0
Run date:     Sun Jan  1 00:00:00 1995
Data version: 0
Requested event range: all
Analyzed events:       0
Assume Date:           0
Database read:         0
Initialized:           0
Opened:                0
Date set/read/req:     0 0 1
Run num set/read/req:  0 0 1
Run type set/read/req: 0 0 1
Prescales set/rd/req:  0 0 0
DAQInfo set/rd/req:    0 0 0
CODA file:      ./raw/ndelta_production_26288.dat.1
Initializing run object
THaRun: Reading init info from ./raw/ndelta_production_26288.dat.0
Prestart at 1
DAQ info at 15 len 4931
DAQ info at 17 len 3393
DAQ info at 20 len 4320
Creating new output file: ROOTfiles/coin_replay_production_26288_-1_1.root
Info in <THaCrateMap::init(tloc)>: Opened database file MAPS/db_cratemap.dat
THcRun  "RUN_26288"
Run number:   26288
Run date:     Thu Apr  9 17:34:17 2026
Data version: 3
Requested event range: all
CODA file:      ./raw/ndelta_production_26288.dat.1
Initializing analysis objects
Initializing D
Initializing P
In THcHallCSpectrometer::ReadDatabase()
 GetName() P
p From Formula Mispointing_y = -0.06
p From Formula Mispointing_x = -0.126



hodo planes = 4
sel using scin = 0
fPruneXp = 0.2
fPruneYp = 0.2
fPruneYtar = 20
fPruneDelta = 30
fPruneBeta = 30
fPruneDf = 1
fPruneChiBeta = 100
fPruneFpTime = 1000
fPruneNPMT = 6
sel using prune = 1
fPartMass = 0.000511
fPcentral = 1.0553 -0.4
fThetalab = 10.49 0
Read 131 matrix element terms
Defining pngcer_tdcref_miss and pngcer_adcref_miss
Created Cherenkov detector P.ngcer with 4 PMTs
 fSampThreshold 1 = 5
 fSampThreshold = 5
InitHitList: THcCherenkovHit RefTimeCuts: 0 -3200
THcHitList::InitHitList : Prestart event 137 not found.
Plane Name List: 1u1 1u2 1x1 1x2 1v1 1v2 2v2 2v1 2x2 2x1 2u2 2u1
Drift Chambers: 12 planes in 2 chambers
Created Drift Chamber 1, Ch1
Created Drift Chamber 2, Ch2
 DC tdc ref time cut = -15000
InitHitList: THcRawDCHit RefTimeCuts: -15000 0
THcHitList::InitHitList : Prestart event 137 not found.
Defining pdc_tdcref_miss and pdc_adcref_miss
Plane counts: 107 107 79 79 107 107 107 107 79 79 107 107
Plane Name List : 1x 1y 2x 2y
Created Scintillator Plane 1x, Hodoscope Plane 1x
Created Scintillator Plane 1y, Hodoscope Plane 1y
Created Scintillator Plane 2x, Hodoscope Plane 2x
Created Scintillator Plane 2y, Hodoscope Plane 2y
 Hodo tdc ref time cut = -5000 -3200
InitHitList: THcRawHodoHit RefTimeCuts: -5000 -3200
THcHitList::InitHitList : Prestart event 137 not found.
Defining pscin_tdcref_miss and pscin_adcref_miss
USING 100 NSEC WINDOW FOR FP NO_TRACK CALCULATIONS.
 fRatio_xpfp_to_xfp= 0.0018
Defining phgcer_tdcref_miss and phgcer_adcref_miss
Created Cherenkov detector P.hgcer with 4 PMTs
 fSampThreshold 1 = 5
 fSampThreshold = 5
InitHitList: THcCherenkovHit RefTimeCuts: 0 -3200
THcHitList::InitHitList : Prestart event 137 not found.
Defining paero_tdcref_miss and paero_adcref_miss
Created aerogel detector P.aero with 7 PMT pairs
InitHitList: THcAerogelHit RefTimeCuts: 0 -3200
THcHitList::InitHitList : Prestart event 137 not found.
From THcShower::Setup: created Shower planes for P: pr, fly.
InitHitList: THcRawShowerHit RefTimeCuts: 0 -3200
THcHitList::InitHitList : Prestart event 137 not found.
Defining pcal_tdcref_miss and pcal_adcref_miss
THcShowerPlane::DefineVariables: registered counters P.cal.stat_trksum1 and P.cal.stat_hitsum1
 fSampThreshold 1 = 5
Initializing P.rb
InitHitList: THcRasterRawHit RefTimeCuts: 0 0
THcHitList::InitHitList : Prestart event 137 not found.
 THcRaster is using EPICS bpm for beam position
Initializing H
In THcHallCSpectrometer::ReadDatabase()
 GetName() H
h From Formula Mispointing_x = 0.107



hodo planes = 4
sel using scin = 0
fPruneXp = 0.2
fPruneYp = 0.2
fPruneYtar = 20
fPruneDelta = 30
fPruneBeta = 30
fPruneDf = 1
fPruneChiBeta = 100
fPruneFpTime = 1000
fPruneNPMT = 6
sel using prune = 1
fPartMass = 0.938272
fPcentral = 0.412 0
fThetalab = -59.205 0
Read 461 matrix element terms
Plane Name List: 1u1 1u2 1x1 1x2 1v2 1v1 2v1 2v2 2x2 2x1 2u2 2u1
Drift Chambers: 12 planes in 2 chambers
Created Drift Chamber 1, Ch1
Created Drift Chamber 2, Ch2
 DC tdc ref time cut = -18000
InitHitList: THcRawDCHit RefTimeCuts: -18000 0
THcHitList::InitHitList : Prestart event 137 not found.
Defining hdc_tdcref_miss and hdc_adcref_miss
Plane counts: 96 96 102 102 96 96 96 96 102 102 96 96
Plane Name List : 1x 1y 2x 2y
Created Scintillator Plane 1x, Hodoscope Plane 1x
Created Scintillator Plane 1y, Hodoscope Plane 1y
Created Scintillator Plane 2x, Hodoscope Plane 2x
Created Scintillator Plane 2y, Hodoscope Plane 2y
 Hodo tdc ref time cut = -31000 -2600
InitHitList: THcRawHodoHit RefTimeCuts: -31000 -2600
THcHitList::InitHitList : Prestart event 137 not found.
Defining hscin_tdcref_miss and hscin_adcref_miss
USING 20 NSEC WINDOW FOR FP NO_TRACK CALCULATIONS.
 fRatio_xpfp_to_xfp= 0.0011
Defining hcer_tdcref_miss and hcer_adcref_miss
Created Cherenkov detector H.cer with 2 PMTs
 fSampThreshold 1 = 5
 fSampThreshold = 5
InitHitList: THcCherenkovHit RefTimeCuts: 0 -2600
THcHitList::InitHitList : Prestart event 137 not found.
*** WARNING!!!  Rounded hcal_adcrefcut to nearest integer 
From THcShower::Setup: created Shower planes for H: 1pr, 2ta, 3ta, 4ta.
InitHitList: THcRawShowerHit RefTimeCuts: 0 -2600
THcHitList::InitHitList : Prestart event 137 not found.
Defining hcal_tdcref_miss and hcal_adcref_miss
THcShowerPlane::DefineVariables: registered counters H.cal.stat_trksum1 and H.cal.stat_hitsum1
THcShowerPlane::DefineVariables: registered counters H.cal.stat_trksum2 and H.cal.stat_hitsum2
THcShowerPlane::DefineVariables: registered counters H.cal.stat_trksum3 and H.cal.stat_hitsum3
THcShowerPlane::DefineVariables: registered counters H.cal.stat_trksum4 and H.cal.stat_hitsum4
Initializing H.rb
InitHitList: THcRasterRawHit RefTimeCuts: 0 0
THcHitList::InitHitList : Prestart event 137 not found.
 THcRaster is using EPICS bpm for beam position
Initializing T
 Trig = 4
pTRIG1_ROC1 27
pTRIG4_ROC1 30
pTRIG1_ROC2 58
pTRIG4_ROC2 61
pRF 112
hRF 111
*** WARNING!!!  Rounded t_coin_trig_tdcrefcut to nearest integer 
*** WARNING!!!  Rounded t_coin_trig_adcrefcut to nearest integer 
InitHitList: THcTrigRawHit RefTimeCuts: -5000 -3200
THcHitList::InitHitList : Prestart event 137 not found.
Defining t_coin_tdcref_miss and t_coin_adcref_miss
Initializing P.react
Initializing P.extcor
In THcExtTarCor::ReadDatabase()
Initializing P.gtr
Initializing phodeff


THcHodoEff::ReadDatabase nplanes=4
Plane = 1    counters = 13
Plane = 2    counters = 13
Plane = 3    counters = 14
Plane = 4    counters = 21
THcHodoEff::Init nplanes=4
THcHodoEff::Init Apparatus = hod P
Initializing H.react
Initializing H.extcor
In THcExtTarCor::ReadDatabase()
Initializing H.gtr
Initializing hhodeff


THcHodoEff::ReadDatabase nplanes=4
Plane = 1    counters = 16
Plane = 2    counters = 10
Plane = 3    counters = 16
Plane = 4    counters = 10
THcHodoEff::Init nplanes=4
THcHodoEff::Init Apparatus = hod H
Initializing P.kin.primary
In THcPrimaryKine::ReadDatabase()
Initializing H.kin.secondary
THcSecondaryKine particleMASS: 0.938272
Initializing CTime
*************************************************
Initializing THcCointTime Physics Modue
Hadron Arm   -------> H
Electron Arm -------> P
TrigDet  -------> T.coin
**************************************************
Initializing epics
Initializing P
Howdy !  We are initializing THcScalerEvtHandler !!   name =   P
Setting scaler clock ... channel = 31 ... freq = 1e+06
Initializing H
Howdy !  We are initializing THcScalerEvtHandler !!   name =   H
Setting scaler clock ... channel = 31 ... freq = 1e+06
Initializing HC
Initializing epics
Loading cuts from DEF-files/COIN/PRODUCTION/CUTS/coin_production_cuts.def
Initializing output

THaOutput definitions: 
=== Number of variables 214

Decoder: helicity disabled

Starting analysis
Info in <THaCrateMap::init(tloc)>: Opened database file MAPS/db_cratemap.dat
Banks found (event 1184597):
 roc  bank     pos     len
   1   250    2872    1704
   1  1190    4578     100
   2   250     371    2205
   2  1190    2578     136
   3  1190    2718     150
   4   250     225     140
   6  1190      39     182
Sum                   4617
1000
2000
3000
4000
5000
6000
7000
8000
9000
10000
11000
12000
13000
14000
15000
16000
17000
18000
19000
20000
21000
22000
23000
24000
25000
26000
27000
28000
29000
30000
31000
32000
33000
34000
35000
36000
37000
38000
39000
40000
41000
42000
43000
44000
45000
46000
47000
48000
49000
50000
51000
52000
53000
54000
55000
56000
57000
58000
59000
60000
61000
62000
63000
64000
65000
66000
67000
68000
69000
70000
71000
72000
73000
74000
75000
76000
77000
78000
79000
80000
81000
82000
83000
84000
85000
86000
87000
88000
89000
90000
91000
92000
93000
94000
95000
96000
97000
98000
99000
100000
101000
102000
103000
104000
105000
106000
107000
108000
109000
110000
111000
112000
113000
114000
115000
116000
117000
118000
119000
120000
121000
122000
123000
124000
125000
126000
127000
128000
129000
130000
131000
132000
133000
134000
135000
136000
137000
138000
139000
140000
141000
142000
143000
144000
145000
146000
147000
148000
149000
150000
151000
152000
153000
154000
155000
156000
157000
158000
159000
160000
161000
162000
163000
164000
165000
166000
167000
168000
169000
170000
171000
172000
173000
174000
175000
176000
177000
178000
179000
180000
181000
182000
183000
184000
185000
186000
187000
188000
189000
190000
191000
192000
193000
194000
195000
196000
197000
198000
199000
200000
201000
202000
203000
204000
205000
206000
207000
208000
209000
210000
211000
212000
213000
214000
215000
216000
217000
218000
219000
220000
221000
222000
223000
224000
225000
226000
227000
228000
229000
230000
231000
232000
233000
234000
235000
236000
237000
238000
239000
240000
241000
242000
243000
244000
245000
246000
247000
248000
249000
250000
251000
252000
253000
254000
255000
256000
257000
258000
259000
260000
261000
262000
263000
264000
265000
266000
267000
268000
269000
270000
271000
272000
273000
274000
275000
276000
277000
278000
279000
280000
281000
282000
283000
284000
285000
286000
287000
288000
289000
290000
291000
292000
293000
294000
295000
296000
297000
298000
299000
300000
301000
302000
303000
304000
305000
306000
307000
308000
309000
310000
311000
312000
313000
314000
315000
316000
317000
318000
319000
320000
321000
322000
323000
324000
325000
326000
327000
328000
329000
330000
331000
332000
333000
334000
335000
336000
337000
338000
339000
340000
341000
342000
343000
344000
345000
346000
347000
348000
349000
350000
351000
352000
353000
354000
355000
356000
357000
358000
359000
360000
361000
362000
363000
364000
365000
366000
367000
368000
369000
370000
371000
372000
373000
374000
375000
376000
377000
378000
379000
380000
381000
382000
383000
384000
385000
386000
387000
388000
389000
390000
391000
392000
393000
394000
395000
396000
397000
398000
399000
400000
401000
402000
403000
404000
405000
406000
407000
408000
409000
410000
411000
412000
413000
414000
415000
416000
417000
418000
419000
420000
421000
422000
423000
424000
425000
426000
427000
428000
429000
430000
431000
432000
433000
434000
435000
436000
437000
438000
439000
440000
441000
442000
443000
444000
445000
446000
447000
448000
449000
450000
451000
452000
453000
454000
455000
456000
457000
458000
459000
460000
461000
462000
463000
464000
465000
466000
467000
468000
469000
470000
471000
472000
473000
474000
475000
476000
477000
478000
479000
480000
481000
482000
483000
484000
485000
486000
487000
488000
489000
490000
491000
492000
493000
494000
495000
496000
497000
498000
499000
500000
501000
502000
503000
504000
505000
506000
507000
508000
509000
510000
511000
512000
513000
514000
515000
516000
517000
518000
519000
520000
521000
522000
523000
524000
525000
526000
527000
528000
529000
530000
531000
532000
533000
534000
535000
536000
537000
538000
539000
540000
541000
542000
543000
544000
545000
546000
547000
548000
549000
550000
551000
552000
553000
554000
555000
556000
557000
558000
559000
560000
561000
562000
563000
564000
565000
566000
567000
568000
569000
570000
571000
572000
573000
574000
575000
576000
577000
578000
579000
580000
581000
582000
583000
584000
585000
586000
587000
588000
589000
590000
591000
592000
593000
594000
595000
596000
597000
598000
599000
600000
601000
602000
603000
604000
605000
606000
607000
608000
609000
610000
611000
612000
613000
614000
615000
616000
617000
618000
619000
620000
621000
622000
623000
624000
625000
626000
627000
628000
629000
630000
631000
632000
633000
634000
635000
636000
637000
638000
639000
640000
641000
642000
643000
644000
645000
646000
647000
648000
649000
650000
651000
652000
653000
654000
655000
656000
657000
658000
659000
660000
661000
662000
663000
664000
665000
666000
667000
668000
669000
670000
671000
672000
673000
674000
675000
676000
677000
678000
679000
680000
681000
682000
683000
684000
685000
686000
687000
688000
689000
690000
691000
692000
693000
694000
695000
696000
697000
698000
699000
700000
701000
702000
703000
704000
705000
706000
707000
708000
709000
710000
711000
712000
713000
714000
715000
716000
717000
718000
719000
720000
721000
722000
723000
724000
725000
726000
727000
728000
729000
730000
731000
732000
733000
734000
735000
736000
737000
738000
739000
740000
741000
742000
743000
744000
745000
746000
747000
748000
749000
750000
751000
752000
753000
754000
755000
756000
757000
758000
759000
760000
761000
762000
763000
764000
765000
766000
767000
768000
769000
770000
771000
772000
773000
774000
775000
776000
777000
778000
779000
780000
781000
782000
783000
784000
785000
786000
787000
788000
789000
790000
791000
792000
793000
794000
795000
796000
797000
798000
799000
800000
801000
802000
803000
804000
805000
806000
807000
808000
809000
810000
811000
812000
813000
814000
815000
816000
817000
818000
819000
820000
821000
822000
823000
824000
825000
826000
827000
828000
829000
830000
831000
832000
833000
834000
835000
836000
837000
838000
839000
840000
841000
842000
843000
844000
845000
846000
847000
848000
849000
850000
851000
852000
853000
854000
855000
856000
857000
858000
859000
860000
861000
862000
863000
864000
865000
866000
867000
868000
869000
870000
871000
872000
873000
874000
875000
876000
877000
878000
879000
880000
881000
882000
883000
884000
885000
886000
887000
888000
889000
890000
891000
892000
893000
894000
895000
896000
897000
898000
899000
900000
901000
902000
903000
904000
905000
906000
907000
908000
909000
910000
911000
912000
913000
914000
915000
916000
917000
918000
919000
920000
921000
922000
923000
924000
925000
926000
927000
928000
929000
930000
931000
932000
933000
934000
935000
936000
937000
938000
939000
940000
941000
942000
943000
944000
945000
946000
947000
948000
949000
950000
951000
952000
953000
954000
955000
956000
957000
958000
959000
960000
961000
962000
963000
964000
965000
966000
967000
968000
969000
970000
971000
972000
973000
974000
975000
976000
977000
978000
979000
980000
981000
982000
983000
984000
985000
986000
987000
988000
989000
990000
991000
992000
993000
994000
995000
996000
997000
998000
999000
1000000
1001000
1002000
1003000
1004000
1005000
1006000
1007000
1008000
1009000
1010000
1011000
1012000
1013000
1014000
1015000
1016000
1017000
1018000
1019000
1020000
1021000
1022000
1023000
1024000
1025000
1026000
1027000
1028000
1029000
1030000
1031000
1032000
1033000
1034000
1035000
1036000
1037000
1038000
1039000
1040000
1041000
1042000
1043000
1044000
1045000
1046000
1047000
1048000
1049000
1050000
1051000
1052000
1053000
1054000
1055000
1056000
1057000
1058000
1059000
1060000
1061000
1062000
1063000
1064000
1065000
1066000
1067000
1068000
1069000
1070000
1071000
1072000
1073000
1074000
1075000
1076000
1077000
1078000
1079000
1080000
1081000
1082000
1083000
1084000
1085000
1086000
1087000
1088000
1089000
1090000
1091000
1092000
1093000
1094000
1095000
1096000
1097000
1098000
1099000
1100000
1101000
1102000
1103000
1104000
1105000
1106000
1107000
1108000
1109000
1110000
1111000
1112000
1113000
1114000
1115000
1116000
1117000
1118000
1119000
1120000
1121000
1122000
1123000
1124000
1125000
1126000
1127000
1128000
1129000
1130000
1131000
1132000
1133000
1134000
1135000
1136000
1137000
1138000
1139000
1140000
1141000
1142000
1143000
1144000
1145000
1146000
1147000
1148000
1149000
1150000
1151000
1152000
1153000
1154000
1155000
1156000
1157000
1158000
1159000
1160000
1161000
1162000
1163000
1164000
1165000
1166000
1167000
1168000
1169000
1170000
1171000
1172000
1173000
1174000
1175000
1176000
1177000
1178000
1179000
1180000
1181000
1182000
1183000
1184000

Normal end of file ./raw/ndelta_production_26288.dat.1 encountered
Missing Ref times:             P.ngcer         0         0
Missing Ref times:                P.dc         0         0
Missing Ref times:               P.hod         0         0
Missing Ref times:             P.hgcer         0         0
Missing Ref times:              P.aero         0         0
Missing Ref times:               P.cal         0         0
Missing Ref times:                H.dc         0         0
Missing Ref times:               H.hod         0         0
Missing Ref times:               H.cer         0         0
Missing Ref times:               H.cal         0         0
Missing Ref times:              T.coin         0         0
THcScalerEvtHandler::End Analyzing 0 delayed scaler events
THcScalerEvtHandler::End Analyzing 0 delayed scaler events
End of file.
==== 2026-04-09 23:51:21 -0400
Summary for run 26288
Counter summary:
1184848  events read
1184848  events decoded
1184412  physics events
    436  other event types
1184412  physics events analyzed
1174445  events accepted
    436  skipped after raw decoding
   9967  skipped after Decode

Cut summary:
Name                               Def                                                                                                   Called     Passed
--------------------------------------------------------------------------------------------------------------------------------------------------------------------
BLOCK: RawDecode
Pedestal_event                     g.evtyp==99                                                                                           1184848    0       (0%)
SHMS_event                         g.evtyp==1                                                                                            1184848    0       (0%)
HMS_event                          g.evtyp==2                                                                                            1184848    0       (0%)
BOTH_SINGLES_event                 g.evtyp==3                                                                                            1184848    0       (0%)
COIN_ONLY_event                    g.evtyp==4                                                                                            1184848    1184412 (100%)
SHMS_COIN_event                    g.evtyp==5                                                                                            1184848    0       (0%)
HMS_COIN_event                     g.evtyp==6                                                                                            1184848    0       (0%)
COIN_ALL_event                     g.evtyp==7                                                                                            1184848    0       (0%)
ALL_events                         g.evtyp>=1&&g.evtyp<=7                                                                                1184848    1184412 (100%)
ALL_COIN_events                    g.evtyp>=4&&g.evtyp<=7                                                                                1184848    1184412 (100%)
ALL_HMS_events                     HMS_event||COIN_ONLY_event||HMS_COIN_event||COIN_ALL_event                                            1184848    1184412 (100%)
ALL_SHMS_events                    SHMS_event||COIN_ONLY_event||SHMS_COIN_event||COIN_ALL_event                                          1184848    1184412 (100%)
RawDecode_master                   ALL_events                                                                                            1184848    1184412 (100%)

BLOCK: Decode
pTRIG1_ROC2                        T.coin.pTRIG1_ROC2_tdcTime>-10000.0&&T.coin.pTRIG1_ROC2_tdcTime<10000.0                               1184412    1184412 (100%)
pTRIG2_ROC2                        T.coin.pTRIG2_ROC2_tdcTime>-10000.0&&T.coin.pTRIG2_ROC2_tdcTime<10000.0                               1184412    1184412 (100%)
pTRIG3_ROC2                        T.coin.pTRIG3_ROC2_tdcTime>-10000.0&&T.coin.pTRIG3_ROC2_tdcTime<10000.0                               1184412    1184412 (100%)
pTRIG4_ROC2                        T.coin.pTRIG4_ROC2_tdcTime>-10000.0&&T.coin.pTRIG4_ROC2_tdcTime<10000.0                               1184412    1184412 (100%)
pTRIG5_ROC2                        T.coin.pTRIG5_ROC2_tdcTime>-10000.0&&T.coin.pTRIG5_ROC2_tdcTime<10000.0                               1184412    1184412 (100%)
pTRIG6_ROC2                        T.coin.pTRIG6_ROC2_tdcTime>-10000.0&&T.coin.pTRIG6_ROC2_tdcTime<10000.0                               1184412    1184412 (100%)
pTRIG1_ROC1                        T.coin.pTRIG1_ROC1_tdcTime>-10000.0&&T.coin.pTRIG1_ROC1_tdcTime<10000.0                               1184412    1184412 (100%)
pTRIG2_ROC1                        T.coin.pTRIG2_ROC1_tdcTime>-10000.0&&T.coin.pTRIG2_ROC1_tdcTime<10000.0                               1184412    1184412 (100%)
pTRIG3_ROC1                        T.coin.pTRIG3_ROC1_tdcTime>-10000.0&&T.coin.pTRIG3_ROC1_tdcTime<10000.0                               1184412    1184412 (100%)
pTRIG4_ROC1                        T.coin.pTRIG4_ROC1_tdcTime>-10000.0&&T.coin.pTRIG4_ROC1_tdcTime<10000.0                               1184412    1184412 (100%)
pTRIG5_ROC1                        T.coin.pTRIG5_ROC1_tdcTime>-10000.0&&T.coin.pTRIG5_ROC1_tdcTime<10000.0                               1184412    1184412 (100%)
pTRIG6_ROC1                        T.coin.pTRIG6_ROC1_tdcTime>-10000.0&&T.coin.pTRIG6_ROC1_tdcTime<10000.0                               1184412    1184412 (100%)
hTRIG1_ROC2                        T.coin.hTRIG1_ROC2_tdcTime>-10000.0&&T.coin.hTRIG1_ROC2_tdcTime<10000.0                               1184412    1184412 (100%)
hTRIG2_ROC2                        T.coin.hTRIG2_ROC2_tdcTime>-10000.0&&T.coin.hTRIG2_ROC2_tdcTime<10000.0                               1184412    1184412 (100%)
hTRIG3_ROC2                        T.coin.hTRIG3_ROC2_tdcTime>-10000.0&&T.coin.hTRIG3_ROC2_tdcTime<10000.0                               1184412    1184412 (100%)
hTRIG4_ROC2                        T.coin.hTRIG4_ROC2_tdcTime>-10000.0&&T.coin.hTRIG4_ROC2_tdcTime<10000.0                               1184412    1184412 (100%)
hTRIG5_ROC2                        T.coin.hTRIG5_ROC2_tdcTime>-10000.0&&T.coin.hTRIG5_ROC2_tdcTime<10000.0                               1184412    1184412 (100%)
hTRIG6_ROC2                        T.coin.hTRIG6_ROC2_tdcTime>-10000.0&&T.coin.hTRIG6_ROC2_tdcTime<10000.0                               1184412    1184412 (100%)
hTRIG1_ROC1                        T.coin.hTRIG1_ROC1_tdcTime>-10000.0&&T.coin.hTRIG1_ROC1_tdcTime<10000.0                               1184412    1184412 (100%)
hTRIG2_ROC1                        T.coin.hTRIG2_ROC1_tdcTime>-10000.0&&T.coin.hTRIG2_ROC1_tdcTime<10000.0                               1184412    1184412 (100%)
hTRIG3_ROC1                        T.coin.hTRIG3_ROC1_tdcTime>-10000.0&&T.coin.hTRIG3_ROC1_tdcTime<10000.0                               1184412    1184412 (100%)
hTRIG4_ROC1                        T.coin.hTRIG4_ROC1_tdcTime>-10000.0&&T.coin.hTRIG4_ROC1_tdcTime<10000.0                               1184412    1184412 (100%)
hTRIG5_ROC1                        T.coin.hTRIG5_ROC1_tdcTime>-10000.0&&T.coin.hTRIG5_ROC1_tdcTime<10000.0                               1184412    1184412 (100%)
hTRIG6_ROC1                        T.coin.hTRIG6_ROC1_tdcTime>-10000.0&&T.coin.hTRIG6_ROC1_tdcTime<10000.0                               1184412    1184412 (100%)
shms_trigs                         SHMS_event                                                                                            1184412    0       (0%)
hms_trigs                          HMS_event                                                                                             1184412    0       (0%)
SHMS_edtm_accepted                 T.coin.pEDTM_tdcTime!=0.0                                                                             1184412    9967    (0.842%)
SHMS_physics_accepted              T.coin.pEDTM_tdcTime==0.0                                                                             1184412    1174445 (99.2%)
HMS_edtm_accepted                  T.coin.hEDTM_tdcTime!=0.0                                                                             1184412    0       (0%)
HMS_physics_accepted               T.coin.hEDTM_tdcTime==0.0                                                                             1184412    1184412 (100%)
goodctime                          ALL_events                                                                                            1184412    1184412 (100%)
tightctime                         ALL_events                                                                                            1184412    1184412 (100%)
ranctime                           ALL_events                                                                                            1184412    1184412 (100%)
pcut_good_S1_time                  T.coin.p1T_tdcTime>241&&T.coin.p1T_tdcTime<243                                                        1184412    3879    (0.328%)
pcut_good_S2X_time                 T.coin.p2X_tdcTime>180&&T.coin.p2X_tdcTime<220                                                        1184412    2600    (0.22%)
pcut_good_S1_S2X_time              pcut_good_S1_time&&pcut_good_S2X_time                                                                 1184412    21      (0.00177%)
ALL_COIN_events_NO_EDTM            T.coin.hEDTM_tdcTime==0.0&&T.coin.pEDTM_tdcTime==0.0&&ALL_COIN_events                                 1184412    1174445 (99.2%)
ALL_events_NO_EDTM                 T.coin.hEDTM_tdcTime==0.0&&T.coin.pEDTM_tdcTime==0.0&&ALL_events                                      1184412    1174445 (99.2%)
Decode_master                      ALL_events_NO_EDTM                                                                                    1184412    1174445 (99.2%)

BLOCK: CoarseTracking
pcut_time_cut1                     P.dc.1u1.time>0&&P.dc.1u1.time<250                                                                    1174445    1130822 (96.3%)
pcut_time_cut2                     P.dc.1u2.time>0&&P.dc.1u2.time<250                                                                    1174445    1127751 (96%)
pcut_time_cut3                     P.dc.1x1.time>0&&P.dc.1x1.time<250                                                                    1174445    1124925 (95.8%)
pcut_time_cut4                     P.dc.1x2.time>0&&P.dc.1x2.time<250                                                                    1174445    1119227 (95.3%)
pcut_time_cut5                     P.dc.1v1.time>0&&P.dc.1v1.time<250                                                                    1174445    1122146 (95.5%)
pcut_time_cut6                     P.dc.1v2.time>0&&P.dc.1v2.time<250                                                                    1174445    1122695 (95.6%)
pcut_time_cut7                     P.dc.2v2.time>0&&P.dc.2v2.time<250                                                                    1174445    1068609 (91%)
pcut_time_cut8                     P.dc.2v1.time>0&&P.dc.2v1.time<250                                                                    1174445    1056571 (90%)
pcut_time_cut9                     P.dc.2x2.time>0&&P.dc.2x2.time<250                                                                    1174445    1068552 (91%)
pcut_time_cut10                    P.dc.2x1.time>0&&P.dc.2x1.time<250                                                                    1174445    1035588 (88.2%)
pcut_time_cut11                    P.dc.2u2.time>0&&P.dc.2u2.time<250                                                                    1174445    1067126 (90.9%)
pcut_time_cut12                    P.dc.2u1.time>0&&P.dc.2u1.time<250                                                                    1174445    1069675 (91.1%)
shmsDC1Planes_large                (P.dc.1x1.nhit+P.dc.1u2.nhit+P.dc.1u1.nhit+P.dc.1v1.nhit+P.dc.1x2.nhit+P.dc.1v2.nhit)>20              1174445    24111   (2.05%)
shmsDC2Planes_large                (P.dc.2x1.nhit+P.dc.2u2.nhit+P.dc.2u1.nhit+P.dc.2v1.nhit+P.dc.2x2.nhit+P.dc.2v2.nhit)>20              1174445    19557   (1.67%)
shmsDCany_large                    shmsDC1Planes_large||shmsDC2Planes_large                                                              1174445    38074   (3.24%)
shms_ch1_gt0                       P.dc.Ch1.nhit>0                                                                                       1174445    1148005 (97.7%)
shms_ch2_gt0                       P.dc.Ch2.nhit>0                                                                                       1174445    1096226 (93.3%)
shms_ch_gt0                        P.dc.Ch2.nhit>0&&P.dc.Ch1.nhit>0                                                                      1174445    1085188 (92.4%)
shms_ch_gt4                        P.dc.Ch2.nhit>3&&P.dc.Ch1.nhit>3                                                                      1174445    1066346 (90.8%)
shms_ch2_gt0_noch1                 P.dc.Ch2.nhit>0&&P.dc.Ch1.nhit==0                                                                     1174445    11038   (0.94%)
shms_ch1_gt0_noch2                 P.dc.Ch1.nhit>0&&P.dc.Ch2.nhit==0                                                                     1174445    62817   (5.35%)
shms_noch1_noch2                   P.dc.Ch1.nhit==0&&P.dc.Ch2.nhit==0                                                                    1174445    15402   (1.31%)
shms_ch_gt0_track                  shms_ch_gt0&&P.dc.ntrack>0                                                                            1174445    1028768 (87.6%)
shms_ch_gt4_track                  shms_ch_gt4&&P.dc.ntrack>0                                                                            1174445    1028768 (87.6%)
shms_ch1_gt0_gtime                 P.dc.Ch1.nhit>0&&pcut_good_S1_S2X_time                                                                1174445    21      (0.00179%)
shms_ch2_gt0_gtime                 P.dc.Ch2.nhit>0&&pcut_good_S1_S2X_time                                                                1174445    18      (0.00153%)
shms_ch_gt0_gtime                  P.dc.Ch2.nhit>0&&P.dc.Ch1.nhit>0&&pcut_good_S1_S2X_time                                               1174445    18      (0.00153%)
shms_ch_gt4_gtime                  P.dc.Ch2.nhit>3&&P.dc.Ch1.nhit>3&&pcut_good_S1_S2X_time                                               1174445    17      (0.00145%)
shms_ch2_gt0_noch1_gtime           P.dc.Ch2.nhit>0&&P.dc.Ch1.nhit==0&&pcut_good_S1_S2X_time                                              1174445    0       (0%)
shms_ch1_gt0_noch2_gtime           P.dc.Ch1.nhit>0&&P.dc.Ch2.nhit==0&&pcut_good_S1_S2X_time                                              1174445    3       (0.000255%)
shms_noch1_noch2_gtime             P.dc.Ch1.nhit==0&&P.dc.Ch2.nhit==0&&pcut_good_S1_S2X_time                                             1174445    0       (0%)
shms_ch_gt0_track_gtime            shms_ch_gt0&&P.dc.ntrack>0&&pcut_good_S1_S2X_time                                                     1174445    16      (0.00136%)
shms_ch_gt4_track_gtime            shms_ch_gt4&&P.dc.ntrack>0&&pcut_good_S1_S2X_time                                                     1174445    16      (0.00136%)
shmsDC1_1hit_x1                    P.dc.1x1.nhit==1                                                                                      1174445    755653  (64.3%)
shmsDC1_1hit_u1                    P.dc.1u1.nhit==1                                                                                      1174445    756627  (64.4%)
shmsDC1_1hit_u2                    P.dc.1u2.nhit==1                                                                                      1174445    758437  (64.6%)
shmsDC1_1hit_v1                    P.dc.1v1.nhit==1                                                                                      1174445    757563  (64.5%)
shmsDC1_1hit_v2                    P.dc.1v2.nhit==1                                                                                      1174445    752058  (64%)
shmsDC1_1hit_x2                    P.dc.1x2.nhit==1                                                                                      1174445    753217  (64.1%)
shmsDC2_1hit_x1                    P.dc.2x1.nhit==1                                                                                      1174445    741777  (63.2%)
shmsDC2_1hit_u1                    P.dc.2u1.nhit==1                                                                                      1174445    754234  (64.2%)
shmsDC2_1hit_u2                    P.dc.2u2.nhit==1                                                                                      1174445    750642  (63.9%)
shmsDC2_1hit_v1                    P.dc.2v1.nhit==1                                                                                      1174445    753227  (64.1%)
shmsDC2_1hit_v2                    P.dc.2v2.nhit==1                                                                                      1174445    759370  (64.7%)
shmsDC2_1hit_x2                    P.dc.2x2.nhit==1                                                                                      1174445    763167  (65%)
p1hit1                             P.dc.1x1.nhit>=1                                                                                      1174445    1132096 (96.4%)
p1hit2                             P.dc.1u1.nhit>=1                                                                                      1174445    1135240 (96.7%)
p1hit3                             P.dc.1u2.nhit>=1                                                                                      1174445    1133157 (96.5%)
p1hit4                             P.dc.1v1.nhit>=1                                                                                      1174445    1127701 (96%)
p1hit5                             P.dc.1v2.nhit>=1                                                                                      1174445    1128169 (96.1%)
p1hit6                             P.dc.1x2.nhit>=1                                                                                      1174445    1127351 (96%)
p2hit1                             P.dc.2x1.nhit>=1                                                                                      1174445    1050183 (89.4%)
p2hit2                             P.dc.2u1.nhit>=1                                                                                      1174445    1077085 (91.7%)
p2hit3                             P.dc.2u2.nhit>=1                                                                                      1174445    1077536 (91.7%)
p2hit4                             P.dc.2v1.nhit>=1                                                                                      1174445    1063121 (90.5%)
p2hit5                             P.dc.2v2.nhit>=1                                                                                      1174445    1075906 (91.6%)
p2hit6                             P.dc.2x2.nhit>=1                                                                                      1174445    1077054 (91.7%)
shmsDC1Planes6hits                 shmsDC1_1hit_x1&&shmsDC1_1hit_u1&&shmsDC1_1hit_u2&&shmsDC1_1hit_x2&&shmsDC1_1hit_v1&&shmsDC1_1hit_v2  1174445    531315  (45.2%)
shmsDC2Planes6hits                 shmsDC2_1hit_x1&&shmsDC2_1hit_u1&&shmsDC2_1hit_u2&&shmsDC2_1hit_x2&&shmsDC2_1hit_v1&&shmsDC2_1hit_v2  1174445    523867  (44.6%)
shmsDC1_5hits_x1                   shmsDC1_1hit_u1&&shmsDC1_1hit_u2&&shmsDC1_1hit_x2&&shmsDC1_1hit_v1&&shmsDC1_1hit_v2                   1174445    551826  (47%)
shmsDC1_6hits_x1                   p1hit1&&shmsDC1_1hit_u1&&shmsDC1_1hit_u2&&shmsDC1_1hit_x2&&shmsDC1_1hit_v1&&shmsDC1_1hit_v2           1174445    546478  (46.5%)
shmsDC1_5hits_u1                   shmsDC1_1hit_x1&&shmsDC1_1hit_u2&&shmsDC1_1hit_x2&&shmsDC1_1hit_v1&&shmsDC1_1hit_v2                   1174445    557616  (47.5%)
shmsDC1_6hits_u1                   p1hit2&&shmsDC1_1hit_x1&&shmsDC1_1hit_u2&&shmsDC1_1hit_x2&&shmsDC1_1hit_v1&&shmsDC1_1hit_v2           1174445    554192  (47.2%)
shmsDC1_5hits_u2                   shmsDC1_1hit_x1&&shmsDC1_1hit_u1&&shmsDC1_1hit_x2&&shmsDC1_1hit_v1&&shmsDC1_1hit_v2                   1174445    556352  (47.4%)
shmsDC1_6hits_u2                   p1hit3&&shmsDC1_1hit_x1&&shmsDC1_1hit_u1&&shmsDC1_1hit_x2&&shmsDC1_1hit_v1&&shmsDC1_1hit_v2           1174445    552198  (47%)
shmsDC1_5hits_v1                   shmsDC1_1hit_x1&&shmsDC1_1hit_u1&&shmsDC1_1hit_x2&&shmsDC1_1hit_u2&&shmsDC1_1hit_v2                   1174445    554532  (47.2%)
shmsDC1_6hits_v1                   p1hit4&&shmsDC1_1hit_x1&&shmsDC1_1hit_u1&&shmsDC1_1hit_x2&&shmsDC1_1hit_u2&&shmsDC1_1hit_v2           1174445    547816  (46.6%)
shmsDC1_5hits_v2                   shmsDC1_1hit_x1&&shmsDC1_1hit_u1&&shmsDC1_1hit_x2&&shmsDC1_1hit_u2&&shmsDC1_1hit_v1                   1174445    558139  (47.5%)
shmsDC1_6hits_v2                   p1hit5&&shmsDC1_1hit_x1&&shmsDC1_1hit_u1&&shmsDC1_1hit_x2&&shmsDC1_1hit_u2&&shmsDC1_1hit_v1           1174445    552175  (47%)
shmsDC1_5hits_x2                   shmsDC1_1hit_x1&&shmsDC1_1hit_u1&&shmsDC1_1hit_v1&&shmsDC1_1hit_u2&&shmsDC1_1hit_v2                   1174445    551635  (47%)
shmsDC1_6hits_x2                   p1hit6&&shmsDC1_1hit_x1&&shmsDC1_1hit_u1&&shmsDC1_1hit_v1&&shmsDC1_1hit_u2&&shmsDC1_1hit_v2           1174445    546575  (46.5%)
shmsDC2_5hits_x1                   shmsDC2_1hit_u1&&shmsDC2_1hit_u2&&shmsDC2_1hit_x2&&shmsDC2_1hit_v1&&shmsDC2_1hit_v2                   1174445    561076  (47.8%)
shmsDC2_6hits_x1                   p2hit1&&shmsDC2_1hit_u1&&shmsDC2_1hit_u2&&shmsDC2_1hit_x2&&shmsDC2_1hit_v1&&shmsDC2_1hit_v2           1174445    538166  (45.8%)
shmsDC2_5hits_u1                   shmsDC2_1hit_x1&&shmsDC2_1hit_u2&&shmsDC2_1hit_x2&&shmsDC2_1hit_v1&&shmsDC2_1hit_v2                   1174445    549038  (46.7%)
shmsDC2_6hits_u1                   p2hit2&&shmsDC2_1hit_x1&&shmsDC2_1hit_u2&&shmsDC2_1hit_x2&&shmsDC2_1hit_v1&&shmsDC2_1hit_v2           1174445    546433  (46.5%)
shmsDC2_5hits_u2                   shmsDC2_1hit_x1&&shmsDC2_1hit_u1&&shmsDC2_1hit_x2&&shmsDC2_1hit_v1&&shmsDC2_1hit_v2                   1174445    548221  (46.7%)
shmsDC2_6hits_u2                   p2hit3&&shmsDC2_1hit_x1&&shmsDC2_1hit_u1&&shmsDC2_1hit_x2&&shmsDC2_1hit_v1&&shmsDC2_1hit_v2           1174445    545738  (46.5%)
shmsDC2_5hits_v1                   shmsDC2_1hit_x1&&shmsDC2_1hit_u1&&shmsDC2_1hit_x2&&shmsDC2_1hit_u2&&shmsDC2_1hit_v2                   1174445    555514  (47.3%)
shmsDC2_6hits_v1                   p2hit4&&shmsDC2_1hit_x1&&shmsDC2_1hit_u1&&shmsDC2_1hit_x2&&shmsDC2_1hit_u2&&shmsDC2_1hit_v2           1174445    542771  (46.2%)
shmsDC2_5hits_v2                   shmsDC2_1hit_x1&&shmsDC2_1hit_u1&&shmsDC2_1hit_x2&&shmsDC2_1hit_u2&&shmsDC2_1hit_v1                   1174445    548635  (46.7%)
shmsDC2_6hits_v2                   p2hit5&&shmsDC2_1hit_x1&&shmsDC2_1hit_u1&&shmsDC2_1hit_x2&&shmsDC2_1hit_u2&&shmsDC2_1hit_v1           1174445    545305  (46.4%)
shmsDC2_5hits_x2                   shmsDC2_1hit_x1&&shmsDC2_1hit_u1&&shmsDC2_1hit_v1&&shmsDC2_1hit_u2&&shmsDC2_1hit_v2                   1174445    539754  (46%)
shmsDC2_6hits_x2                   p2hit6&&shmsDC2_1hit_x1&&shmsDC2_1hit_u1&&shmsDC2_1hit_v1&&shmsDC2_1hit_u2&&shmsDC2_1hit_v2           1174445    538091  (45.8%)
shms1HitsLt                        P.dc.Ch1.nhit<=P.dc.Ch1.maxhits&&g.evtyp==1                                                           1174445    0       (0%)
shms2HitsLt                        P.dc.Ch2.nhit<=P.dc.Ch2.maxhits&&g.evtyp==1                                                           1174445    0       (0%)
shmsHitsLt                         P.dc.Ch1.nhit<=P.dc.Ch1.maxhits&&P.dc.Ch2.nhit<=P.dc.Ch2.maxhits&&g.evtyp==1                          1174445    0       (0%)
shmsDC1PlanesGT                    (p1hit1+p1hit2+p1hit3+p1hit4+p1hit5+p1hit6)>=5                                                        1174445    1129950 (96.2%)
shmsDC2PlanesGT                    (p2hit1+p2hit2+p2hit3+p2hit4+p2hit5+p2hit6)>=5                                                        1174445    1068627 (91%)
shmsPlanesGT                       shmsDC1PlanesGT&&shmsDC2PlanesGT                                                                      1174445    1050373 (89.4%)
shmsHitsPlanes                     (P.dc.Ch1.nhit<=6)&&(P.dc.Ch2.nhit<=6)&&shmsPlanesGT                                                  1174445    410304  (34.9%)
pSpacePoints                       P.dc.Ch1.spacepoints>=1&&P.dc.Ch2.spacepoints>=1                                                      1174445    1028768 (87.6%)
pSpacePointsStub                   P.dc.stubtest==1&&P.dc.Ch1.spacepoints>=1&&P.dc.Ch2.spacepoints>=1                                    1174445    1028768 (87.6%)
pcut_FoundTrack                    P.dc.ntrack>0                                                                                         1174445    1028768 (87.6%)
pStubLT                            P.dc.stubtest==1                                                                                      1174445    1028768 (87.6%)
f1PSpacePoints                     shms1HitsLt&&shmsDC1PlanesGT&&P.dc.Ch1.spacepoints==0&&g.evtyp==1                                     1174445    0       (0%)
f2PSpacePoints                     shms2HitsLt&&shmsDC2PlanesGT&&P.dc.Ch2.spacepoints==0&&g.evtyp==1                                     1174445    0       (0%)
pTest1                             shmsHitsPlanes&&(!pSpacePoints)                                                                       1174445    6980    (0.594%)
pTest2                             pSpacePoints&&(!pStubLT)                                                                              1174445    0       (0%)
hcut_time_cut1                     H.dc.1x1.time>0&&H.dc.1x1.time<250                                                                    1174445    1081657 (92.1%)
hcut_time_cut2                     H.dc.1v2.time>0&&H.dc.1v2.time<250                                                                    1174445    1112885 (94.8%)
hcut_time_cut3                     H.dc.1u1.time>0&&H.dc.1u1.time<250                                                                    1174445    1115426 (95%)
hcut_time_cut4                     H.dc.1v1.time>0&&H.dc.1v1.time<250                                                                    1174445    1109386 (94.5%)
hcut_time_cut5                     H.dc.1u2.time>0&&H.dc.1u2.time<250                                                                    1174445    1118071 (95.2%)
hcut_time_cut6                     H.dc.1x2.time>0&&H.dc.1x2.time<250                                                                    1174445    1106065 (94.2%)
hcut_time_cut7                     H.dc.2x1.time>0&&H.dc.2x1.time<250                                                                    1174445    1134120 (96.6%)
hcut_time_cut8                     H.dc.2v2.time>0&&H.dc.1v2.time<250                                                                    1174445    1123546 (95.7%)
hcut_time_cut9                     H.dc.2u1.time>0&&H.dc.2u1.time<250                                                                    1174445    1139551 (97%)
hcut_time_cut10                    H.dc.2v1.time>0&&H.dc.2v1.time<250                                                                    1174445    1143092 (97.3%)
hcut_time_cut11                    H.dc.2u2.time>0&&H.dc.2u2.time<250                                                                    1174445    1143016 (97.3%)
hcut_time_cut12                    H.dc.2x2.time>0&&H.dc.2x2.time<250                                                                    1174445    1150064 (97.9%)
hmsDC1Planes_large                 (H.dc.1x1.nhit+H.dc.1v2.nhit+H.dc.1u1.nhit+H.dc.1v1.nhit+H.dc.1x2.nhit+H.dc.1u2.nhit)>20              1174445    411     (0.035%)
hmsDC2Planes_large                 (H.dc.2x1.nhit+H.dc.2v2.nhit+H.dc.2u1.nhit+H.dc.2v1.nhit+H.dc.2x2.nhit+H.dc.2u2.nhit)>20              1174445    443     (0.0377%)
hmsDCany_large                     hmsDC1Planes_large||hmsDC2Planes_large                                                                1174445    813     (0.0692%)
hmsDC1_1hit_x1                     H.dc.1x1.nhit==1                                                                                      1174445    1029424 (87.7%)
hmsDC1_1hit_v2                     H.dc.1v2.nhit==1                                                                                      1174445    1034610 (88.1%)
hmsDC1_1hit_u1                     H.dc.1u1.nhit==1                                                                                      1174445    1067178 (90.9%)
hmsDC1_1hit_v1                     H.dc.1v1.nhit==1                                                                                      1174445    1063400 (90.5%)
hmsDC1_1hit_u2                     H.dc.1u2.nhit==1                                                                                      1174445    1049911 (89.4%)
hmsDC1_1hit_x2                     H.dc.1x2.nhit==1                                                                                      1174445    1053243 (89.7%)
hmsDC2_1hit_x1                     H.dc.2x1.nhit==1                                                                                      1174445    1045237 (89%)
hmsDC2_1hit_v2                     H.dc.2v2.nhit==1                                                                                      1174445    1051166 (89.5%)
hmsDC2_1hit_u1                     H.dc.2u1.nhit==1                                                                                      1174445    1052647 (89.6%)
hmsDC2_1hit_v1                     H.dc.2v1.nhit==1                                                                                      1174445    1056867 (90%)
hmsDC2_1hit_u2                     H.dc.2u2.nhit==1                                                                                      1174445    1054322 (89.8%)
hmsDC2_1hit_x2                     H.dc.2x2.nhit==1                                                                                      1174445    1049049 (89.3%)
h1hit1                             H.dc.1x1.nhit>=1                                                                                      1174445    1105893 (94.2%)
h1hit2                             H.dc.1v2.nhit>=1                                                                                      1174445    1148761 (97.8%)
h1hit3                             H.dc.1u1.nhit>=1                                                                                      1174445    1147891 (97.7%)
h1hit4                             H.dc.1v1.nhit>=1                                                                                      1174445    1137292 (96.8%)
h1hit5                             H.dc.1u2.nhit>=1                                                                                      1174445    1150517 (98%)
h1hit6                             H.dc.1x2.nhit>=1                                                                                      1174445    1136365 (96.8%)
h2hit1                             H.dc.2x1.nhit>=1                                                                                      1174445    1138074 (96.9%)
h2hit2                             H.dc.2v2.nhit>=1                                                                                      1174445    1146531 (97.6%)
h2hit3                             H.dc.2u1.nhit>=1                                                                                      1174445    1143425 (97.4%)
h2hit4                             H.dc.2v1.nhit>=1                                                                                      1174445    1149000 (97.8%)
h2hit5                             H.dc.2u2.nhit>=1                                                                                      1174445    1147084 (97.7%)
h2hit6                             H.dc.2x2.nhit>=1                                                                                      1174445    1153899 (98.3%)
hmsDC1Planes6hits                  (H.dc.1x1.nhit+H.dc.1v2.nhit+H.dc.1u1.nhit+H.dc.1v1.nhit+H.dc.1x2.nhit+H.dc.1u2.nhit)==6              1174445    685177  (58.3%)
hmsDC2Planes6hits                  (H.dc.2x1.nhit+H.dc.2v2.nhit+H.dc.2u1.nhit+H.dc.2v1.nhit+H.dc.2x2.nhit+H.dc.2u2.nhit)==6              1174445    698534  (59.5%)
hmsDC1_5hits_x1                    hmsDC1_1hit_v2&&hmsDC1_1hit_u1&&hmsDC1_1hit_v1&&hmsDC1_1hit_x2&&hmsDC1_1hit_u2                        1174445    748202  (63.7%)
hmsDC1_6hits_x1                    h1hit1&&hmsDC1_1hit_v2&&hmsDC1_1hit_u1&&hmsDC1_1hit_v1&&hmsDC1_1hit_x2&&hmsDC1_1hit_u2                1174445    715695  (60.9%)
hmsDC1_5hits_v2                    hmsDC1_1hit_x1&&hmsDC1_1hit_u1&&hmsDC1_1hit_v1&&hmsDC1_1hit_x2&&hmsDC1_1hit_u2                        1174445    750878  (63.9%)
hmsDC1_6hits_v2                    h1hit2&&hmsDC1_1hit_x1&&hmsDC1_1hit_u1&&hmsDC1_1hit_v1&&hmsDC1_1hit_x2&&hmsDC1_1hit_u2                1174445    741130  (63.1%)
hmsDC1_5hits_u1                    hmsDC1_1hit_x1&&hmsDC1_1hit_v2&&hmsDC1_1hit_v1&&hmsDC1_1hit_x2&&hmsDC1_1hit_u2                        1174445    726530  (61.9%)
hmsDC1_6hits_u1                    h1hit3&&hmsDC1_1hit_x1&&hmsDC1_1hit_v2&&hmsDC1_1hit_v1&&hmsDC1_1hit_x2&&hmsDC1_1hit_u2                1174445    718488  (61.2%)
hmsDC1_5hits_v1                    hmsDC1_1hit_x1&&hmsDC1_1hit_v2&&hmsDC1_1hit_u1&&hmsDC1_1hit_x2&&hmsDC1_1hit_u2                        1174445    728234  (62%)
hmsDC1_6hits_v1                    h1hit4&&hmsDC1_1hit_x1&&hmsDC1_1hit_v2&&hmsDC1_1hit_u1&&hmsDC1_1hit_x2&&hmsDC1_1hit_u2                1174445    715190  (60.9%)
hmsDC1_5hits_x2                    hmsDC1_1hit_x1&&hmsDC1_1hit_v2&&hmsDC1_1hit_u1&&hmsDC1_1hit_v1&&hmsDC1_1hit_u2                        1174445    734006  (62.5%)
hmsDC1_6hits_x2                    h1hit6&&hmsDC1_1hit_x1&&hmsDC1_1hit_v2&&hmsDC1_1hit_u1&&hmsDC1_1hit_v1&&hmsDC1_1hit_u2                1174445    719974  (61.3%)
hmsDC1_5hits_u2                    hmsDC1_1hit_x1&&hmsDC1_1hit_v2&&hmsDC1_1hit_u1&&hmsDC1_1hit_v1&&hmsDC1_1hit_x2                        1174445    737257  (62.8%)
hmsDC1_6hits_u2                    h1hit5&&hmsDC1_1hit_x1&&hmsDC1_1hit_v2&&hmsDC1_1hit_u1&&hmsDC1_1hit_v1&&hmsDC1_1hit_x2                1174445    729584  (62.1%)
hmsDC2_5hits_x1                    hmsDC2_1hit_v2&&hmsDC2_1hit_u1&&hmsDC2_1hit_v1&&hmsDC2_1hit_x2&&hmsDC2_1hit_u2                        1174445    755202  (64.3%)
hmsDC2_6hits_x1                    h2hit1&&hmsDC2_1hit_v2&&hmsDC2_1hit_u1&&hmsDC2_1hit_v1&&hmsDC2_1hit_x2&&hmsDC2_1hit_u2                1174445    740235  (63%)
hmsDC2_5hits_v2                    hmsDC2_1hit_x1&&hmsDC2_1hit_u1&&hmsDC2_1hit_v1&&hmsDC2_1hit_x2&&hmsDC2_1hit_u2                        1174445    750389  (63.9%)
hmsDC2_6hits_v2                    h2hit2&&hmsDC2_1hit_x1&&hmsDC2_1hit_u1&&hmsDC2_1hit_v1&&hmsDC2_1hit_x2&&hmsDC2_1hit_u2                1174445    740183  (63%)
hmsDC2_5hits_u1                    hmsDC2_1hit_x1&&hmsDC2_1hit_v2&&hmsDC2_1hit_v1&&hmsDC2_1hit_x2&&hmsDC2_1hit_u2                        1174445    751679  (64%)
hmsDC2_6hits_u1                    h2hit3&&hmsDC2_1hit_x1&&hmsDC2_1hit_v2&&hmsDC2_1hit_v1&&hmsDC2_1hit_x2&&hmsDC2_1hit_u2                1174445    739143  (62.9%)
hmsDC2_5hits_v1                    hmsDC2_1hit_x1&&hmsDC2_1hit_v2&&hmsDC2_1hit_u1&&hmsDC2_1hit_x2&&hmsDC2_1hit_u2                        1174445    748264  (63.7%)
hmsDC2_6hits_v1                    h2hit4&&hmsDC2_1hit_x1&&hmsDC2_1hit_v2&&hmsDC2_1hit_u1&&hmsDC2_1hit_x2&&hmsDC2_1hit_u2                1174445    739797  (63%)
hmsDC2_5hits_x2                    hmsDC2_1hit_x1&&hmsDC2_1hit_v2&&hmsDC2_1hit_u1&&hmsDC2_1hit_v1&&hmsDC2_1hit_u2                        1174445    752692  (64.1%)
hmsDC2_6hits_x2                    h2hit6&&hmsDC2_1hit_x1&&hmsDC2_1hit_v2&&hmsDC2_1hit_u1&&hmsDC2_1hit_v1&&hmsDC2_1hit_u2                1174445    747160  (63.6%)
hmsDC2_5hits_u2                    hmsDC2_1hit_x1&&hmsDC2_1hit_v2&&hmsDC2_1hit_u1&&hmsDC2_1hit_v1&&hmsDC2_1hit_x2                        1174445    748620  (63.7%)
hmsDC2_6hits_u2                    h2hit5&&hmsDC2_1hit_x1&&hmsDC2_1hit_v2&&hmsDC2_1hit_u1&&hmsDC2_1hit_v1&&hmsDC2_1hit_x2                1174445    739023  (62.9%)
hms1HitsLt                         H.dc.Ch1.nhit<=H.dc.Ch1.maxhits&&g.evtyp==1                                                           1174445    0       (0%)
hms2HitsLt                         H.dc.Ch2.nhit<=H.dc.Ch2.maxhits&&g.evtyp==1                                                           1174445    0       (0%)
hmsHitsLt                          H.dc.Ch1.nhit<=H.dc.Ch1.maxhits&&H.dc.Ch2.nhit<=H.dc.Ch2.maxhits&&g.evtyp==1                          1174445    0       (0%)
hmsDC1PlanesGT                     (h1hit1+h1hit2+h1hit3+h1hit4+h1hit5+h1hit6)>=5                                                        1174445    1132305 (96.4%)
hmsDC2PlanesGT                     (h2hit1+h2hit2+h2hit3+h2hit4+h2hit5+h2hit6)>=5                                                        1174445    1151589 (98.1%)
hmsPlanesGT                        hmsDC1PlanesGT&&hmsDC2PlanesGT                                                                        1174445    1119691 (95.3%)
hmsHitsPlanes                      (H.dc.Ch1.nhit<=H.dc.Ch1.maxhits)&&(H.dc.Ch2.nhit<=H.dc.Ch2.maxhits)&&hmsPlanesGT                     1174445    1119680 (95.3%)
hSpacePoints                       H.dc.Ch1.spacepoints>=1&&H.dc.Ch2.spacepoints>=1                                                      1174445    1104120 (94%)
hSpacePointsStub                   H.dc.stubtest==1&&H.dc.Ch1.spacepoints>=1&&H.dc.Ch2.spacepoints>=1                                    1174445    1104120 (94%)
hFoundTrack                        H.dc.ntrack>0                                                                                         1174445    1104120 (94%)
hStubLT                            H.dc.stubtest==1                                                                                      1174445    1104120 (94%)
f1HSpacePoints                     hms1HitsLt&&hmsDC1PlanesGT&&H.dc.Ch1.spacepoints==0&&g.evtyp==1                                       1174445    0       (0%)
f2HSpacePoints                     hms2HitsLt&&hmsDC2PlanesGT&&H.dc.Ch2.spacepoints==0&&g.evtyp==1                                       1174445    0       (0%)
hTest1                             hmsHitsPlanes&&(!hSpacePoints)                                                                        1174445    15560   (1.32%)
hTest2                             hSpacePoints&&(!hStubLT)                                                                              1174445    0       (0%)
CoarseTracking_master              ALL_events_NO_EDTM                                                                                    1174445    1174445 (100%)

BLOCK: CoarseReconstruct
CoarseReconstruct_master           ALL_events_NO_EDTM                                                                                    1174445    1174445 (100%)

BLOCK: Tracking
Tracking_master                    ALL_events_NO_EDTM                                                                                    1174445    1174445 (100%)

BLOCK: Reconstruct
pcut_cer_ng_elec                   P.ngcer.npeSum>0.5                                                                                    1174445    1398    (0.119%)
pcut_cer_ng_pi                     P.ngcer.npeSum<=0.5                                                                                   1174445    1173047 (99.9%)
pcut_cer_hg_elec                   P.hgcer.npeSum>0.5                                                                                    1174445    885129  (75.4%)
pcut_cer_hg_pi                     P.hgcer.npeSum<=0.5                                                                                   1174445    289316  (24.6%)
pcut_cer_pi_both                   pcut_cer_ng_pi&&pcut_cer_hg_pi                                                                        1174445    288975  (24.6%)
pcut_cer_elec_both                 pcut_cer_ng_elec&&pcut_cer_hg_elec                                                                    1174445    1057    (0.09%)
pcut_cal_elec                      P.cal.etracknorm>0.6&&P.cal.etracknorm<1.6                                                            1174445    769362  (65.5%)
pcut_cal_pi                        P.cal.etracknorm<=0.6&&P.cal.etracknorm>0.                                                            1174445    158584  (13.5%)
pcut_elec_all                      pcut_cer_ng_elec&&pcut_cer_hg_elec&&pcut_cal_elec                                                     1174445    719     (0.0612%)
pcut_pi_all                        pcut_cer_ng_pi&&pcut_cer_hg_pi&&pcut_cal_pi                                                           1174445    27215   (2.32%)
shmsScinGood                       P.hod.goodscinhit==1                                                                                  1174445    692055  (58.9%)
shmsGoodBetanotrk                  P.hod.betanotrack>0.5&&P.hod.betanotrack<1.4                                                          1174445    1045120 (89%)
shmsScinShould                     shmsScinGood&&shmsGoodBetanotrk                                                                       1174445    653822  (55.7%)
shmsScinShoulde                    shmsScinShould&&P.cal.etotnorm>0.6&&P.cal.etotnorm<1.6&&P.hgcer.npeSum>0.5                            1174445    333363  (28.4%)
shmsScinShouldh                    shmsScinShould&&P.cal.etotnorm<=0.6&&P.cal.etotnorm>0.                                                1174445    6249    (0.532%)
shmsScinDid                        shmsScinShould&&P.dc.ntrack>0                                                                         1174445    635179  (54.1%)
shmsScinDide                       shmsScinShoulde&&P.dc.ntrack>0                                                                        1174445    323787  (27.6%)
shmsScinDidh                       shmsScinShouldh&&P.dc.ntrack>0                                                                        1174445    5625    (0.479%)
pcut_goodHDC1x1                    P.dc.1x1.nhit>0&&P.dc.1x1.nhit<3                                                                      1174445    1027620 (87.5%)
pcut_goodHDC1u2                    P.dc.1u2.nhit>0&&P.dc.1u2.nhit<3                                                                      1174445    1017532 (86.6%)
pcut_goodHDC1u1                    P.dc.1u1.nhit>0&&P.dc.1u1.nhit<3                                                                      1174445    1021352 (87%)
pcut_goodHDC1v1                    P.dc.1v1.nhit>0&&P.dc.1v1.nhit<3                                                                      1174445    1022876 (87.1%)
pcut_goodHDC1v2                    P.dc.1v2.nhit>0&&P.dc.1v2.nhit<3                                                                      1174445    1018604 (86.7%)
pcut_goodHDC1x2                    P.dc.1x2.nhit>0&&P.dc.1x2.nhit<3                                                                      1174445    1025459 (87.3%)
pcut_goodHDC2x1                    P.dc.2x1.nhit>0&&P.dc.2x1.nhit<3                                                                      1174445    967349  (82.4%)
pcut_goodHDC2u2                    P.dc.2u2.nhit>0&&P.dc.2u2.nhit<3                                                                      1174445    978475  (83.3%)
pcut_goodHDC2u1                    P.dc.2u1.nhit>0&&P.dc.2u1.nhit<3                                                                      1174445    980148  (83.5%)
pcut_goodHDC2v1                    P.dc.2v1.nhit>0&&P.dc.2v1.nhit<3                                                                      1174445    974856  (83%)
pcut_goodHDC2v2                    P.dc.2v2.nhit>0&&P.dc.2v2.nhit<3                                                                      1174445    983447  (83.7%)
pcut_goodHDC2x2                    P.dc.2x2.nhit>0&&P.dc.2x2.nhit<3                                                                      1174445    994182  (84.7%)
pcut_goodHDC1                      pcut_goodHDC1x1&&pcut_goodHDC1u2&&pcut_goodHDC1u1&&pcut_goodHDC1v1&&pcut_goodHDC1v2&&pcut_goodHDC1x2  1174445    810776  (69%)
pcut_goodHDC2                      pcut_goodHDC2x1&&pcut_goodHDC2u2&&pcut_goodHDC2u1&&pcut_goodHDC2v1&&pcut_goodHDC2v2&&pcut_goodHDC2x2  1174445    765761  (65.2%)
pcut_bothGood                      pcut_goodHDC1&&pcut_goodHDC2                                                                          1174445    579904  (49.4%)
pcut_realhdc1x1                    pcut_goodHDC1x1&&((P.dc.Ch1.spacepoints+P.dc.Ch2.spacepoints)>0)                                      1174445    1018917 (86.8%)
pcut_realhdc1u2                    pcut_goodHDC1u2&&((P.dc.Ch1.spacepoints+P.dc.Ch2.spacepoints)>0)                                      1174445    1009972 (86%)
pcut_realhdc1u1                    pcut_goodHDC1u1&&((P.dc.Ch1.spacepoints+P.dc.Ch2.spacepoints)>0)                                      1174445    1012591 (86.2%)
pcut_realhdc1v1                    pcut_goodHDC1v1&&((P.dc.Ch1.spacepoints+P.dc.Ch2.spacepoints)>0)                                      1174445    1016099 (86.5%)
pcut_realhdc1v2                    pcut_goodHDC1v2&&((P.dc.Ch1.spacepoints+P.dc.Ch2.spacepoints)>0)                                      1174445    1012152 (86.2%)
pcut_realhdc1x2                    pcut_goodHDC1x2&&((P.dc.Ch1.spacepoints+P.dc.Ch2.spacepoints)>0)                                      1174445    1019719 (86.8%)
pcut_realhdc2x1                    pcut_goodHDC2x1&&((P.dc.Ch1.spacepoints+P.dc.Ch2.spacepoints)>0)                                      1174445    961526  (81.9%)
pcut_realhdc2u2                    pcut_goodHDC2u2&&((P.dc.Ch1.spacepoints+P.dc.Ch2.spacepoints)>0)                                      1174445    972422  (82.8%)
pcut_realhdc2u1                    pcut_goodHDC2u1&&((P.dc.Ch1.spacepoints+P.dc.Ch2.spacepoints)>0)                                      1174445    974159  (82.9%)
pcut_realhdc2v1                    pcut_goodHDC2v1&&((P.dc.Ch1.spacepoints+P.dc.Ch2.spacepoints)>0)                                      1174445    968999  (82.5%)
pcut_realhdc2v2                    pcut_goodHDC2v2&&((P.dc.Ch1.spacepoints+P.dc.Ch2.spacepoints)>0)                                      1174445    977649  (83.2%)
pcut_realhdc2x2                    pcut_goodHDC2x2&&((P.dc.Ch1.spacepoints+P.dc.Ch2.spacepoints)>0)                                      1174445    988410  (84.2%)
pcut_Found1Track                   P.dc.ntrack==1                                                                                        1174445    707742  (60.3%)
pcut_Found2Track                   P.dc.ntrack==2                                                                                        1174445    116345  (9.91%)
pcut_Found3Track                   P.dc.ntrack==3                                                                                        1174445    20251   (1.72%)
pcut_Found4Track                   P.dc.ntrack==4                                                                                        1174445    109941  (9.36%)
pcut_anys1x                        P.hod.1x.nhits>0                                                                                      1174445    926474  (78.9%)
pcut_anys1y                        P.hod.1y.nhits>0                                                                                      1174445    1154100 (98.3%)
pcut_anys2x                        P.hod.2x.nhits>0                                                                                      1174445    1122723 (95.6%)
pcut_anys2y                        P.hod.2y.nhits>0                                                                                      1174445    1158869 (98.7%)
pcut_goods1x                       P.hod.1x.nhits>0&&P.hod.1x.nhits<3                                                                    1174445    924838  (78.7%)
pcut_goods1y                       P.hod.1y.nhits>0&&P.hod.1y.nhits<3                                                                    1174445    1101361 (93.8%)
pcut_goods1                        pcut_goods1x&&pcut_goods1y                                                                            1174445    884323  (75.3%)
pcut_goods2x                       P.hod.2x.nhits>0&&P.hod.2x.nhits<3                                                                    1174445    1106475 (94.2%)
pcut_goods2y                       P.hod.2y.nhits>0&&P.hod.2y.nhits<3                                                                    1174445    967502  (82.4%)
pcut_goods2                        pcut_goods2x&&pcut_goods2y                                                                            1174445    918722  (78.2%)
pcut_goods1s2                      pcut_goods1&&pcut_goods2                                                                              1174445    768964  (65.5%)
SHMS_hgcer_track_matched_region_1  P.hgcer.numTracksMatched[0]>0                                                                         1174445    168387  (14.3%)
SHMS_hgcer_track_fired_region_1    P.hgcer.numTracksFired[0]>0                                                                           1174445    117899  (10%)
SHMS_hgcer_track_matched_region_2  P.hgcer.numTracksMatched[1]>0                                                                         1174445    206382  (17.6%)
SHMS_hgcer_track_fired_region_2    P.hgcer.numTracksFired[1]>0                                                                           1174445    139281  (11.9%)
SHMS_hgcer_track_matched_region_3  P.hgcer.numTracksMatched[2]>0                                                                         1174445    230149  (19.6%)
SHMS_hgcer_track_fired_region_3    P.hgcer.numTracksFired[2]>0                                                                           1174445    200039  (17%)
SHMS_hgcer_track_matched_region_4  P.hgcer.numTracksMatched[3]>0                                                                         1174445    147277  (12.5%)
SHMS_hgcer_track_fired_region_4    P.hgcer.numTracksFired[3]>0                                                                           1174445    135609  (11.5%)
SHMS_hgcer_track_matched_tot       P.hgcer.totNumTracksMatched>0                                                                         1174445    752195  (64%)
SHMS_hgcer_track_fired_tot         P.hgcer.totNumTracksFired>0                                                                           1174445    592828  (50.5%)
SHMS_ngcer_track_matched_region_1  P.ngcer.numTracksMatched[0]>0                                                                         1174445    146225  (12.5%)
SHMS_ngcer_track_fired_region_1    P.ngcer.numTracksFired[0]>0                                                                           1174445    177     (0.0151%)
SHMS_ngcer_track_matched_region_2  P.ngcer.numTracksMatched[1]>0                                                                         1174445    201355  (17.1%)
SHMS_ngcer_track_fired_region_2    P.ngcer.numTracksFired[1]>0                                                                           1174445    254     (0.0216%)
SHMS_ngcer_track_matched_region_3  P.ngcer.numTracksMatched[2]>0                                                                         1174445    252490  (21.5%)
SHMS_ngcer_track_fired_region_3    P.ngcer.numTracksFired[2]>0                                                                           1174445    284     (0.0242%)
SHMS_ngcer_track_matched_region_4  P.ngcer.numTracksMatched[3]>0                                                                         1174445    152125  (13%)
SHMS_ngcer_track_fired_region_4    P.ngcer.numTracksFired[3]>0                                                                           1174445    177     (0.0151%)
SHMS_ngcer_track_matched_tot       P.ngcer.totNumTracksMatched>0                                                                         1174445    752195  (64%)
SHMS_ngcer_track_fired_tot         P.ngcer.totNumTracksFired>0                                                                           1174445    892     (0.076%)
SHMS_aero_track_matched_region_1   P.aero.numTracksMatched[0]>0                                                                          1174445    752052  (64%)
SHMS_aero_track_fired_region_1     P.aero.numTracksFired[0]>0                                                                            1174445    734919  (62.6%)
SHMS_aero_track_matched_region_2   P.aero.numTracksMatched[1]>0                                                                          1174445    0       (0%)
SHMS_aero_track_fired_region_2     P.aero.numTracksFired[1]>0                                                                            1174445    0       (0%)
SHMS_aero_track_matched_region_3   P.aero.numTracksMatched[2]>0                                                                          1174445    0       (0%)
SHMS_aero_track_fired_region_3     P.aero.numTracksFired[2]>0                                                                            1174445    0       (0%)
SHMS_aero_track_matched_region_4   P.aero.numTracksMatched[3]>0                                                                          1174445    0       (0%)
SHMS_aero_track_fired_region_4     P.aero.numTracksFired[3]>0                                                                            1174445    0       (0%)
SHMS_aero_track_matched_region_5   P.aero.numTracksMatched[4]>0                                                                          1174445    0       (0%)
SHMS_aero_track_fired_region_5     P.aero.numTracksFired[4]>0                                                                            1174445    0       (0%)
SHMS_aero_track_matched_region_6   P.aero.numTracksMatched[5]>0                                                                          1174445    0       (0%)
SHMS_aero_track_fired_region_6     P.aero.numTracksFired[5]>0                                                                            1174445    0       (0%)
SHMS_aero_track_matched_region_7   P.aero.numTracksMatched[6]>0                                                                          1174445    0       (0%)
SHMS_aero_track_fired_region_7     P.aero.numTracksFired[6]>0                                                                            1174445    0       (0%)
SHMS_aero_track_matched_tot        P.aero.totNumTracksMatched>0                                                                          1174445    752052  (64%)
SHMS_aero_track_fired_tot          P.aero.totNumTracksFired>0                                                                            1174445    734919  (62.6%)
hcut_cer_pmt1_elec                 H.cer.npe[0]>.5                                                                                       1174445    188967  (16.1%)
hcut_cer_pmt2_elec                 H.cer.npe[0]>.5                                                                                       1174445    188967  (16.1%)
hcut_cer_elec                      H.cer.npeSum>.5                                                                                       1174445    203321  (17.3%)
hcut_cer_pi                        H.cer.npeSum<.5                                                                                       1174445    971124  (82.7%)
HMSScinGood                        H.hod.goodscinhit==1                                                                                  1174445    480127  (40.9%)
HMSGoodBetanotrk                   H.hod.betanotrack>0.8&&H.hod.betanotrack<1.3                                                          1174445    287760  (24.5%)
HMSScinShould                      HMSScinGood&&HMSGoodBetanotrk                                                                         1174445    124974  (10.6%)
HMSScinShoulde                     HMSScinShould&&H.cal.etotnorm>0.6&&H.cal.etotnorm<2.0&&H.cer.npeSum>0.5                               1174445    514     (0.0438%)
HMSScinShouldh                     HMSScinGood&&H.cal.etotnorm<0.6&&H.cal.etotnorm>0.0&&H.cer.npeSum<0.5                                 1174445    12174   (1.04%)
HMSScinDid                         HMSScinShould&&H.dc.ntrack>0                                                                          1174445    108355  (9.23%)
HMSScinDide                        HMSScinShoulde&&H.dc.ntrack>0                                                                         1174445    473     (0.0403%)
HMSScinDidh                        HMSScinShouldh&&H.dc.ntrack>0                                                                         1174445    10559   (0.899%)
hcut_goodHDC1x1                    H.dc.1x1.nhit>0&&H.dc.1x1.nhit<3                                                                      1174445    1077247 (91.7%)
hcut_goodHDC1v2                    H.dc.1v2.nhit>0&&H.dc.1v2.nhit<3                                                                      1174445    1109680 (94.5%)
hcut_goodHDC1u1                    H.dc.1u1.nhit>0&&H.dc.1u1.nhit<3                                                                      1174445    1121105 (95.5%)
hcut_goodHDC1v1                    H.dc.1v1.nhit>0&&H.dc.1v1.nhit<3                                                                      1174445    1113919 (94.8%)
hcut_goodHDC1u2                    H.dc.1u2.nhit>0&&H.dc.1u2.nhit<3                                                                      1174445    1105957 (94.2%)
hcut_goodHDC1x2                    H.dc.1x2.nhit>0&&H.dc.1x2.nhit<3                                                                      1174445    1103370 (93.9%)
hcut_goodHDC2x1                    H.dc.2x1.nhit>0&&H.dc.2x1.nhit<3                                                                      1174445    1097405 (93.4%)
hcut_goodHDC2v2                    H.dc.2v2.nhit>0&&H.dc.2v2.nhit<3                                                                      1174445    1105369 (94.1%)
hcut_goodHDC2u1                    H.dc.2u1.nhit>0&&H.dc.2u1.nhit<3                                                                      1174445    1107467 (94.3%)
hcut_goodHDC2v1                    H.dc.2v1.nhit>0&&H.dc.2v1.nhit<3                                                                      1174445    1111307 (94.6%)
hcut_goodHDC2u2                    H.dc.2u2.nhit>0&&H.dc.2u2.nhit<3                                                                      1174445    1108678 (94.4%)
hcut_goodHDC2x2                    H.dc.2x2.nhit>0&&H.dc.2x2.nhit<3                                                                      1174445    1102762 (93.9%)
hcut_goodHDC1                      hcut_goodHDC1x1&&hcut_goodHDC1v2&&hcut_goodHDC1u1&&hcut_goodHDC1v1&&hcut_goodHDC1u2&&hcut_goodHDC1x2  1174445    870459  (74.1%)
hcut_goodHDC2                      hcut_goodHDC2x1&&hcut_goodHDC2v2&&hcut_goodHDC2u1&&hcut_goodHDC2v1&&hcut_goodHDC2u2&&hcut_goodHDC2x2  1174445    872621  (74.3%)
hcut_bothGood                      hcut_goodHDC1&&hcut_goodHDC2                                                                          1174445    662922  (56.4%)
hcut_realhdc1x1                    hcut_goodHDC1x1&&((H.dc.Ch1.spacepoints+H.dc.Ch2.spacepoints)>0)                                      1174445    1074961 (91.5%)
hcut_realhdc1v2                    hcut_goodHDC1v2&&((H.dc.Ch1.spacepoints+H.dc.Ch2.spacepoints)>0)                                      1174445    1106378 (94.2%)
hcut_realhdc1u1                    hcut_goodHDC1u1&&((H.dc.Ch1.spacepoints+H.dc.Ch2.spacepoints)>0)                                      1174445    1117753 (95.2%)
hcut_realhdc1v1                    hcut_goodHDC1v1&&((H.dc.Ch1.spacepoints+H.dc.Ch2.spacepoints)>0)                                      1174445    1110733 (94.6%)
hcut_realhdc1u2                    hcut_goodHDC1u2&&((H.dc.Ch1.spacepoints+H.dc.Ch2.spacepoints)>0)                                      1174445    1102793 (93.9%)
hcut_realhdc1x2                    hcut_goodHDC1x2&&((H.dc.Ch1.spacepoints+H.dc.Ch2.spacepoints)>0)                                      1174445    1100486 (93.7%)
hcut_realhdc2x1                    hcut_goodHDC2x1&&((H.dc.Ch1.spacepoints+H.dc.Ch2.spacepoints)>0)                                      1174445    1095405 (93.3%)
hcut_realhdc2v2                    hcut_goodHDC2v2&&((H.dc.Ch1.spacepoints+H.dc.Ch2.spacepoints)>0)                                      1174445    1103425 (94%)
hcut_realhdc2u1                    hcut_goodHDC2u1&&((H.dc.Ch1.spacepoints+H.dc.Ch2.spacepoints)>0)                                      1174445    1105669 (94.1%)
hcut_realhdc2v1                    hcut_goodHDC2v1&&((H.dc.Ch1.spacepoints+H.dc.Ch2.spacepoints)>0)                                      1174445    1109336 (94.5%)
hcut_realhdc2u2                    hcut_goodHDC2u2&&((H.dc.Ch1.spacepoints+H.dc.Ch2.spacepoints)>0)                                      1174445    1106635 (94.2%)
hcut_realhdc2x2                    hcut_goodHDC2x2&&((H.dc.Ch1.spacepoints+H.dc.Ch2.spacepoints)>0)                                      1174445    1100403 (93.7%)
hcut_FoundTrack                    H.dc.ntrack>0                                                                                         1174445    1104120 (94%)
hcut_Found1Track                   H.dc.ntrack==1                                                                                        1174445    1011928 (86.2%)
hcut_Found2Track                   H.dc.ntrack==2                                                                                        1174445    79206   (6.74%)
hcut_Found3Track                   H.dc.ntrack==3                                                                                        1174445    5879    (0.501%)
hcut_Found4Track                   H.dc.ntrack==4                                                                                        1174445    5416    (0.461%)
hcut_anys1x                        H.hod.1x.nhits>0                                                                                      1174445    1173949 (100%)
hcut_anys1y                        H.hod.1y.nhits>0                                                                                      1174445    1173886 (100%)
hcut_anys2x                        H.hod.2x.nhits>0                                                                                      1174445    1173362 (99.9%)
hcut_anys2y                        H.hod.2y.nhits>0                                                                                      1174445    866926  (73.8%)
hcut_goods1x                       H.hod.1x.nhits>0&&H.hod.1x.nhits<3                                                                    1174445    1169109 (99.5%)
hcut_goods1y                       H.hod.1y.nhits>0&&H.hod.1y.nhits<3                                                                    1174445    1170453 (99.7%)
hcut_goods1                        hcut_goods1x&&hcut_goods1y                                                                            1174445    1165638 (99.3%)
hcut_goods2x                       H.hod.2x.nhits>0&&H.hod.2x.nhits<3                                                                    1174445    1167278 (99.4%)
hcut_goods2y                       H.hod.2y.nhits>0&&H.hod.2y.nhits<3                                                                    1174445    861098  (73.3%)
hcut_goods2                        hcut_goods2x&&hcut_goods2y                                                                            1174445    855314  (72.8%)
hcut_goods1s2                      hcut_goods1&&hcut_goods2                                                                              1174445    848610  (72.3%)
HMS_hcer_track_matched_region_1    H.cer.numTracksMatched[0]>0                                                                           1174445    7134    (0.607%)
HMS_hcer_track_fired_region_1      H.cer.numTracksFired[0]>0                                                                             1174445    1243    (0.106%)
HMS_hcer_track_matched_region_2    H.cer.numTracksMatched[1]>0                                                                           1174445    4213    (0.359%)
HMS_hcer_track_fired_region_2      H.cer.numTracksFired[1]>0                                                                             1174445    827     (0.0704%)
HMS_hcer_track_matched_tot         H.cer.totNumTracksMatched>0                                                                           1174445    15222   (1.3%)
HMS_hcer_track_fired_tot           H.cer.totNumTracksFired>0                                                                             1174445    2756    (0.235%)
Reconstruct_master                 ALL_events_NO_EDTM                                                                                    1174445    1174445 (100%)

BLOCK: Physics
hcut_CleanTrack                    H.gtr.index>-1&&H.gtr.dp>-8.0&&H.gtr.dp<8.0                                                           1174445    781720  (66.6%)
hcut_Clean1Track                   H.gtr.index==0                                                                                        1174445    1048760 (89.3%)
hcut_Clean2Track                   H.gtr.index==1                                                                                        1174445    48783   (4.15%)
hcut_Clean3Track                   H.gtr.index==2                                                                                        1174445    3272    (0.279%)
hcut_Clean4Track                   H.gtr.index==3                                                                                        1174445    2512    (0.214%)
pcut_CleanTrack                    P.gtr.index>-1&&P.gtr.dp>-10.0&&P.gtr.dp<22.0                                                         1174445    898726  (76.5%)
pcut_Clean1Track                   P.gtr.index==0                                                                                        1174445    811455  (69.1%)
pcut_Clean2Track                   P.gtr.index==1                                                                                        1174445    88854   (7.57%)
pcut_Clean3Track                   P.gtr.index==2                                                                                        1174445    20187   (1.72%)
pcut_Clean4Track                   P.gtr.index==3                                                                                        1174445    66388   (5.65%)
pcut_CleanTrack_cer_elec           (P.gtr.index>-1)&&pcut_cer_elec_both                                                                  1174445    938     (0.0799%)
pcut_p1hit1_cer_elec               p1hit1&&pcut_cer_elec_both                                                                            1174445    1018    (0.0867%)
pcut_CleanTrack_cal_elec           (P.gtr.index>-1)&&pcut_cal_elec                                                                       1174445    769362  (65.5%)
pcut_p1hit1_cal_elec               p1hit1&&pcut_cal_elec                                                                                 1174445    763501  (65%)
hcleantrack                        H.gtr.index>-1                                                                                        1174445    1104120 (94%)
pcleantrack                        P.gtr.index>-1                                                                                        1174445    1028768 (87.6%)
ccleantrack                        hcleantrack&&pcleantrack                                                                              1174445    968058  (82.4%)
coin_ndelta                        abs(CTime.epCoinTime_ROC2-160)<10                                                                     1174445    279963  (23.8%)
sideband1                          abs(CTime.epCoinTime_ROC2-180)<10                                                                     1174445    139206  (11.9%)
sideband2                          abs(CTime.epCoinTime_ROC2-140)<10                                                                     1174445    152725  (13%)
sideband                           sideband1||sideband2                                                                                  1174445    291931  (24.9%)
coincut                            ccleantrack&&goodctime                                                                                1174445    968058  (82.4%)
tight_coin                         ccleantrack&&tightctime                                                                               1174445    968058  (82.4%)
ran_coincut                        ccleantrack&&ranctime                                                                                 1174445    968058  (82.4%)
he_cut_cal                         H.cal.etottracknorm>0.6&&H.cal.etottracknorm<1.6                                                      1174445    3703    (0.315%)
he_cut_cer                         H.cer.npeSum>0.5                                                                                      1174445    203321  (17.3%)
hselect_e_cut                      he_cut_cal&&he_cut_cer                                                                                1174445    1010    (0.086%)
hbetacut_proton                    P.gtr.beta>0.3&&P.gtr.beta<0.6                                                                        1174445    1684    (0.143%)
hcoincut_ep                        ccleantrack&&hselect_e_cut&&hbetacut_proton                                                           1174445    0       (0%)
pe_cut_cal                         P.cal.etottracknorm>0.6                                                                               1174445    995364  (84.8%)
pe_cut_cer                         P.hgcer.npeSum>1                                                                                      1174445    875965  (74.6%)
pselect_e_cut                      pe_cut_cal&&pe_cut_cer                                                                                1174445    757645  (64.5%)
pbetacut_proton                    H.gtr.beta>0.3&&H.gtr.beta<0.6                                                                        1174445    599378  (51%)
pcoincut_ep                        ccleantrack&&pselect_e_cut&&pbetacut_proton                                                           1174445    390793  (33.3%)
h_mom_acc_cut                      H.gtr.dp>-8.0&&H.gtr.dp<8.0                                                                           1174445    781720  (66.6%)
p_mom_acc_cut                      P.gtr.dp>-10&&P.gtr.dp<22                                                                             1174445    898726  (76.5%)
detector_cut                       h_mom_acc_cut&&p_mom_acc_cut&&pselect_e_cut                                                           1174445    451994  (38.5%)
W_cut                              abs(P.kin.primary.W-1.230)<0.005                                                                      1174445    78772   (6.71%)
Q2_cut_kin_d                       abs(P.kin.primary.Q2-0.05)<0.005                                                                      1174445    371398  (31.6%)
Q2_cut_kin_a                       abs(P.kin.primary.Q2-0.026)<0.005                                                                     1174445    6526    (0.556%)
Q2_cut_kin_b                       abs(P.kin.primary.Q2-0.03)<0.005                                                                      1174445    30118   (2.56%)
Q2_cut_kin_c                       abs(P.kin.primary.Q2-0.04)<0.005                                                                      1174445    317694  (27.1%)
th_pq_cut_kin_1d                   H.kin.secondary.thx_cm*180/3.141952<10                                                                1174445    1965    (0.167%)
th_pq_cut_kin_2d                   abs(H.kin.secondary.thx_cm*180/3.141592-17.5)<3                                                       1174445    3329    (0.283%)
th_pq_cut_kin_3d                   abs(H.kin.secondary.thx_cm*180/3.141592-33)<3                                                         1174445    6795    (0.579%)
th_pq_cut_kin_5d                   abs(H.kin.secondary.thx_cm*180/3.141592-55)<3                                                         1174445    5849    (0.498%)
th_pq_cut_kin_6d                   abs(H.kin.secondary.thx_cm*180/3.141592-75)<3                                                         1174445    86936   (7.4%)
th_pq_cut_kin_7d                   abs(H.kin.secondary.thx_cm*180/3.141592-85)<3                                                         1174445    162732  (13.9%)
kine_cut_kin_1d                    W_cut&&Q2_cut_kin_d&&th_pq_cut_kin_1d                                                                 1174445    0       (0%)
kine_cut_kin_2d                    W_cut&&Q2_cut_kin_d&&th_pq_cut_kin_2d                                                                 1174445    0       (0%)
kine_cut_kin_3d                    W_cut&&Q2_cut_kin_d&&th_pq_cut_kin_3d                                                                 1174445    0       (0%)
kine_cut_kin_5d                    W_cut&&Q2_cut_kin_d&&th_pq_cut_kin_5d                                                                 1174445    3       (0.000255%)
kine_cut_kin_6d                    W_cut&&Q2_cut_kin_d&&th_pq_cut_kin_6d                                                                 1174445    747     (0.0636%)
kine_cut_kin_7d                    W_cut&&Q2_cut_kin_d&&th_pq_cut_kin_7d                                                                 1174445    10626   (0.905%)
ana_kin_1d                         kine_cut_kin_1d&&detector_cut                                                                         1174445    0       (0%)
ana_kin_2d                         kine_cut_kin_2d&&detector_cut                                                                         1174445    0       (0%)
ana_kin_3d                         kine_cut_kin_3d&&detector_cut                                                                         1174445    0       (0%)
ana_kin_5d                         kine_cut_kin_5d&&detector_cut                                                                         1174445    0       (0%)
ana_kin_6d                         kine_cut_kin_6d&&detector_cut                                                                         1174445    15      (0.00128%)
ana_kin_7d                         kine_cut_kin_7d&&detector_cut                                                                         1174445    6489    (0.553%)
coinpeak_kin_1d                    coin_ndelta&&ana_kin_1d                                                                               1174445    0       (0%)
coinpeak_kin_2d                    coin_ndelta&&ana_kin_2d                                                                               1174445    0       (0%)
coinpeak_kin_3d                    coin_ndelta&&ana_kin_3d                                                                               1174445    0       (0%)
coinpeak_kin_4d                    coinpeak_kin_3d                                                                                       1174445    0       (0%)
coinpeak_kin_5d                    coin_ndelta&&ana_kin_5d                                                                               1174445    0       (0%)
coinpeak_kin_6d                    coin_ndelta&&ana_kin_6d                                                                               1174445    4       (0.000341%)
coinpeak_kin_7d                    coin_ndelta&&ana_kin_7d                                                                               1174445    2308    (0.197%)
sideband_kin_1d                    sideband&&ana_kin_1d                                                                                  1174445    0       (0%)
sideband_kin_2d                    sideband&&ana_kin_2d                                                                                  1174445    0       (0%)
sideband_kin_3d                    sideband&&ana_kin_3d                                                                                  1174445    0       (0%)
sideband_kin_4d                    sideband_kin_3d                                                                                       1174445    0       (0%)
sideband_kin_5d                    sideband&&ana_kin_5d                                                                                  1174445    0       (0%)
sideband_kin_6d                    sideband&&ana_kin_6d                                                                                  1174445    8       (0.000681%)
sideband_kin_7d                    sideband&&ana_kin_7d                                                                                  1174445    1952    (0.166%)
Physics_master                     ALL_events_NO_EDTM                                                                                    1174445    1174445 (100%)

Total     : Real Time = 2199.50 seconds Cpu Time = 2166.08 seconds
Error in <THcFormula::Compile>:  Bad numerical expression : "P.EDTM.scalerCutRate"
Error in <THcFormula::Compile>:  Bad numerical expression : "P.EDTM.scalerCutRate"
Error in <THcFormula::Compile>:  Bad numerical expression : "H.EDTM.scalerCutRate"
Error in <THcFormula::Compile>:  Bad numerical expression : "H.EDTM.scalerCutRate"
