Reading startup commands from /home/cdaq/.root/rootlogon.C

Processing SCRIPTS/COIN/PRODUCTION/replay_production_coin_pElec_hProt.C(26288,-1,3)...
Opening parameter file: [0] DBASE/COIN/standard.database
Reading Parameters for run 26288
Opening parameter file: [0] DBASE/COIN/general.param
Opening parameter file: [1] PARAM/GEN/genflags.param
Opening parameter file: [1] PARAM/GEN/gdebug.param
Opening parameter file: [1] PARAM/GEN/gtarget.param
Opening parameter file: [1] PARAM/GEN/gbeam.param
Opening parameter file: [1] PARAM/GEN/gscalers.param
Opening parameter file: [1] PARAM/HMS/GEN/hcana.param
Opening parameter file: [1] PARAM/HMS/GEN/hdebug.param
Opening parameter file: [1] PARAM/HMS/GEN/hmsflags.param
Opening parameter file: [1] PARAM/HMS/GEN/htracking.param
Opening parameter file: [1] PARAM/HMS/GEN/h_reftime_cut_coindaq.param
Opening parameter file: [1] PARAM/HMS/CER/hcer_geom.param
Opening parameter file: [1] PARAM/HMS/DC/hdc_geom.param
Opening parameter file: [1] PARAM/HMS/HODO/hhodo_geom.param
Opening parameter file: [1] PARAM/HMS/AERO/haero_geom.param
Opening parameter file: [1] PARAM/HMS/CAL/hcal_geom.param
Opening parameter file: [1] PARAM/HMS/CER/hcer_cuts.param
Opening parameter file: [1] PARAM/HMS/DC/hdc_cuts.param
Opening parameter file: [1] PARAM/HMS/HODO/hhodo_cuts.param
Opening parameter file: [1] PARAM/HMS/AERO/haero_cuts.param
Opening parameter file: [1] PARAM/HMS/CAL/hcal_cuts.param
Opening parameter file: [1] PARAM/HMS/CER/hcer_calib.param
Opening parameter file: [1] PARAM/HMS/DC/hdc_calib.param
Opening parameter file: [1] PARAM/HMS/DC/hdc_tzero_per_wire.param
Opening parameter file: [1] PARAM/HMS/HODO/hhodo_calib.param
Opening parameter file: [1] PARAM/HMS/HODO/hhodo_TWcalib.param
Opening parameter file: [1] PARAM/HMS/HODO/hhodo_Vpcalib.param
Opening parameter file: [1] PARAM/HMS/AERO/haero_calib.param
Opening parameter file: [1] PARAM/HMS/CAL/hcal_calib.param
Opening parameter file: [1] PARAM/SHMS/GEN/pcana.param
Opening parameter file: [1] PARAM/SHMS/GEN/pdebug.param
Opening parameter file: [1] PARAM/SHMS/GEN/shmsflags.param
Opening parameter file: [1] PARAM/SHMS/GEN/ptracking.param
Opening parameter file: [1] PARAM/SHMS/GEN/p_reftime_cut.param
Opening parameter file: [1] PARAM/SHMS/NGCER/pngcer_geom.param
Opening parameter file: [1] PARAM/SHMS/DC/pdc_geom.param
Opening parameter file: [1] PARAM/SHMS/HODO/phodo_geom.param
Opening parameter file: [1] PARAM/SHMS/HGCER/phgcer_geom.param
Opening parameter file: [1] PARAM/SHMS/AERO/paero_geom.param
Opening parameter file: [1] PARAM/SHMS/CAL/pcal_geom.param
Opening parameter file: [1] PARAM/SHMS/NGCER/pngcer_cuts.param
Opening parameter file: [1] PARAM/SHMS/DC/pdc_cuts.param
Opening parameter file: [1] PARAM/SHMS/HODO/phodo_cuts.param
Opening parameter file: [1] PARAM/SHMS/HGCER/phgcer_cuts.param
Opening parameter file: [1] PARAM/SHMS/AERO/paero_cuts.param
Opening parameter file: [1] PARAM/SHMS/CAL/pcal_cuts.param
Opening parameter file: [1] PARAM/SHMS/NGCER/pngcer_calib.param
Opening parameter file: [1] PARAM/SHMS/DC/pdc_calib.param
Opening parameter file: [1] PARAM/SHMS/DC/pdc_tzero_per_wire.param
Opening parameter file: [1] PARAM/SHMS/HODO/phodo_calib.param
Opening parameter file: [1] PARAM/SHMS/HODO/phodo_TWcalib.param
Opening parameter file: [1] PARAM/SHMS/HODO/phodo_Vpcalib.param
Opening parameter file: [1] PARAM/SHMS/HGCER/phgcer_calib.param
Opening parameter file: [1] PARAM/SHMS/AERO/paero_calib.param
Opening parameter file: [1] PARAM/SHMS/CAL/pcal_calib.param
Opening parameter file: [0] DBASE/COIN/standard.kinematics
Reading Parameters for run 26288
Opening parameter file: [0] PARAM/TRIG/tcoin.param
Opening parameter file: [0] PARAM/HMS/GEN/h_fadc_debug.param
Opening parameter file: [0] PARAM/SHMS/GEN/p_fadc_debug.param
Opening parameter file: [0] PARAM/SHMS/GEN/pdet_cuts_no_timing_windows.param
Opening parameter file: [1] PARAM/SHMS/NGCER/pngcer_cuts_no_timing_windows.param
Opening parameter file: [1] PARAM/SHMS/AERO/paero_cuts_no_timing_windows.param
Opening parameter file: [1] PARAM/SHMS/CAL/pcal_cuts_no_timing_windows.param
Opening parameter file: [0] PARAM/HMS/GEN/hdet_cuts_no_timing_windows.param
Opening parameter file: [1] PARAM/HMS/CER/hcer_cuts_no_timing_windows.param
Opening parameter file: [1] PARAM/HMS/DC/hdc_cuts_no_timing_windows.param
Opening parameter file: [1] PARAM/HMS/HODO/hhodo_cuts_no_timing_windows.param
Opening parameter file: [1] PARAM/HMS/AERO/haero_cuts_no_timing_windows.param
Opening parameter file: [1] PARAM/HMS/CAL/hcal_cuts_no_timing_windows.param

 Detector ID Map

   HDC 11
   HSCIN 13
   HCER 14
   HCAL 15
   HRASTER 18
   PNGCER 21
   PDC 22
   PSCIN 23
   PHGCER 24
   PAERO 25
   PCAL 26
   PRASTER 28
   TCOIN 30

THcRun  "uninitialized run"
Run number:   0
Run date:     Sun Jan  1 00:00:00 1995
Data version: 0
Requested event range: all
Analyzed events:       0
Assume Date:           0
Database read:         0
Initialized:           0
Opened:                0
Date set/read/req:     0 0 1
Run num set/read/req:  0 0 1
Run type set/read/req: 0 0 1
Prescales set/rd/req:  0 0 0
DAQInfo set/rd/req:    0 0 0
CODA file:      ./raw/ndelta_production_26288.dat.3
Initializing run object
THaRun: Reading init info from ./raw/ndelta_production_26288.dat.0
Prestart at 1
DAQ info at 15 len 4931
DAQ info at 17 len 3393
DAQ info at 20 len 4320
Creating new output file: ROOTfiles/coin_replay_production_26288_-1_3.root
Info in <THaCrateMap::init(tloc)>: Opened database file MAPS/db_cratemap.dat
THcRun  "RUN_26288"
Run number:   26288
Run date:     Thu Apr  9 17:34:17 2026
Data version: 3
Requested event range: all
CODA file:      ./raw/ndelta_production_26288.dat.3
Initializing analysis objects
Initializing D
Initializing P
In THcHallCSpectrometer::ReadDatabase()
 GetName() P
p From Formula Mispointing_y = -0.06
p From Formula Mispointing_x = -0.126



hodo planes = 4
sel using scin = 0
fPruneXp = 0.2
fPruneYp = 0.2
fPruneYtar = 20
fPruneDelta = 30
fPruneBeta = 30
fPruneDf = 1
fPruneChiBeta = 100
fPruneFpTime = 1000
fPruneNPMT = 6
sel using prune = 1
fPartMass = 0.000511
fPcentral = 1.0553 -0.4
fThetalab = 10.49 0
Read 131 matrix element terms
Defining pngcer_tdcref_miss and pngcer_adcref_miss
Created Cherenkov detector P.ngcer with 4 PMTs
 fSampThreshold 1 = 5
 fSampThreshold = 5
InitHitList: THcCherenkovHit RefTimeCuts: 0 -3200
THcHitList::InitHitList : Prestart event 137 not found.
Plane Name List: 1u1 1u2 1x1 1x2 1v1 1v2 2v2 2v1 2x2 2x1 2u2 2u1
Drift Chambers: 12 planes in 2 chambers
Created Drift Chamber 1, Ch1
Created Drift Chamber 2, Ch2
 DC tdc ref time cut = -15000
InitHitList: THcRawDCHit RefTimeCuts: -15000 0
THcHitList::InitHitList : Prestart event 137 not found.
Defining pdc_tdcref_miss and pdc_adcref_miss
Plane counts: 107 107 79 79 107 107 107 107 79 79 107 107
Plane Name List : 1x 1y 2x 2y
Created Scintillator Plane 1x, Hodoscope Plane 1x
Created Scintillator Plane 1y, Hodoscope Plane 1y
Created Scintillator Plane 2x, Hodoscope Plane 2x
Created Scintillator Plane 2y, Hodoscope Plane 2y
 Hodo tdc ref time cut = -5000 -3200
InitHitList: THcRawHodoHit RefTimeCuts: -5000 -3200
THcHitList::InitHitList : Prestart event 137 not found.
Defining pscin_tdcref_miss and pscin_adcref_miss
USING 100 NSEC WINDOW FOR FP NO_TRACK CALCULATIONS.
 fRatio_xpfp_to_xfp= 0.0018
Defining phgcer_tdcref_miss and phgcer_adcref_miss
Created Cherenkov detector P.hgcer with 4 PMTs
 fSampThreshold 1 = 5
 fSampThreshold = 5
InitHitList: THcCherenkovHit RefTimeCuts: 0 -3200
THcHitList::InitHitList : Prestart event 137 not found.
Defining paero_tdcref_miss and paero_adcref_miss
Created aerogel detector P.aero with 7 PMT pairs
InitHitList: THcAerogelHit RefTimeCuts: 0 -3200
THcHitList::InitHitList : Prestart event 137 not found.
From THcShower::Setup: created Shower planes for P: pr, fly.
InitHitList: THcRawShowerHit RefTimeCuts: 0 -3200
THcHitList::InitHitList : Prestart event 137 not found.
Defining pcal_tdcref_miss and pcal_adcref_miss
THcShowerPlane::DefineVariables: registered counters P.cal.stat_trksum1 and P.cal.stat_hitsum1
 fSampThreshold 1 = 5
Initializing P.rb
InitHitList: THcRasterRawHit RefTimeCuts: 0 0
THcHitList::InitHitList : Prestart event 137 not found.
 THcRaster is using EPICS bpm for beam position
Initializing H
In THcHallCSpectrometer::ReadDatabase()
 GetName() H
h From Formula Mispointing_x = 0.107



hodo planes = 4
sel using scin = 0
fPruneXp = 0.2
fPruneYp = 0.2
fPruneYtar = 20
fPruneDelta = 30
fPruneBeta = 30
fPruneDf = 1
fPruneChiBeta = 100
fPruneFpTime = 1000
fPruneNPMT = 6
sel using prune = 1
fPartMass = 0.938272
fPcentral = 0.412 0
fThetalab = -59.205 0
Read 461 matrix element terms
Plane Name List: 1u1 1u2 1x1 1x2 1v2 1v1 2v1 2v2 2x2 2x1 2u2 2u1
Drift Chambers: 12 planes in 2 chambers
Created Drift Chamber 1, Ch1
Created Drift Chamber 2, Ch2
 DC tdc ref time cut = -18000
InitHitList: THcRawDCHit RefTimeCuts: -18000 0
THcHitList::InitHitList : Prestart event 137 not found.
Defining hdc_tdcref_miss and hdc_adcref_miss
Plane counts: 96 96 102 102 96 96 96 96 102 102 96 96
Plane Name List : 1x 1y 2x 2y
Created Scintillator Plane 1x, Hodoscope Plane 1x
Created Scintillator Plane 1y, Hodoscope Plane 1y
Created Scintillator Plane 2x, Hodoscope Plane 2x
Created Scintillator Plane 2y, Hodoscope Plane 2y
 Hodo tdc ref time cut = -31000 -2600
InitHitList: THcRawHodoHit RefTimeCuts: -31000 -2600
THcHitList::InitHitList : Prestart event 137 not found.
Defining hscin_tdcref_miss and hscin_adcref_miss
USING 20 NSEC WINDOW FOR FP NO_TRACK CALCULATIONS.
 fRatio_xpfp_to_xfp= 0.0011
Defining hcer_tdcref_miss and hcer_adcref_miss
Created Cherenkov detector H.cer with 2 PMTs
 fSampThreshold 1 = 5
 fSampThreshold = 5
InitHitList: THcCherenkovHit RefTimeCuts: 0 -2600
THcHitList::InitHitList : Prestart event 137 not found.
*** WARNING!!!  Rounded hcal_adcrefcut to nearest integer 
From THcShower::Setup: created Shower planes for H: 1pr, 2ta, 3ta, 4ta.
InitHitList: THcRawShowerHit RefTimeCuts: 0 -2600
THcHitList::InitHitList : Prestart event 137 not found.
Defining hcal_tdcref_miss and hcal_adcref_miss
THcShowerPlane::DefineVariables: registered counters H.cal.stat_trksum1 and H.cal.stat_hitsum1
THcShowerPlane::DefineVariables: registered counters H.cal.stat_trksum2 and H.cal.stat_hitsum2
THcShowerPlane::DefineVariables: registered counters H.cal.stat_trksum3 and H.cal.stat_hitsum3
THcShowerPlane::DefineVariables: registered counters H.cal.stat_trksum4 and H.cal.stat_hitsum4
Initializing H.rb
InitHitList: THcRasterRawHit RefTimeCuts: 0 0
THcHitList::InitHitList : Prestart event 137 not found.
 THcRaster is using EPICS bpm for beam position
Initializing T
 Trig = 4
pTRIG1_ROC1 27
pTRIG4_ROC1 30
pTRIG1_ROC2 58
pTRIG4_ROC2 61
pRF 112
hRF 111
*** WARNING!!!  Rounded t_coin_trig_tdcrefcut to nearest integer 
*** WARNING!!!  Rounded t_coin_trig_adcrefcut to nearest integer 
InitHitList: THcTrigRawHit RefTimeCuts: -5000 -3200
THcHitList::InitHitList : Prestart event 137 not found.
Defining t_coin_tdcref_miss and t_coin_adcref_miss
Initializing P.react
Initializing P.extcor
In THcExtTarCor::ReadDatabase()
Initializing P.gtr
Initializing phodeff


THcHodoEff::ReadDatabase nplanes=4
Plane = 1    counters = 13
Plane = 2    counters = 13
Plane = 3    counters = 14
Plane = 4    counters = 21
THcHodoEff::Init nplanes=4
THcHodoEff::Init Apparatus = hod P
Initializing H.react
Initializing H.extcor
In THcExtTarCor::ReadDatabase()
Initializing H.gtr
Initializing hhodeff


THcHodoEff::ReadDatabase nplanes=4
Plane = 1    counters = 16
Plane = 2    counters = 10
Plane = 3    counters = 16
Plane = 4    counters = 10
THcHodoEff::Init nplanes=4
THcHodoEff::Init Apparatus = hod H
Initializing P.kin.primary
In THcPrimaryKine::ReadDatabase()
Initializing H.kin.secondary
THcSecondaryKine particleMASS: 0.938272
Initializing CTime
*************************************************
Initializing THcCointTime Physics Modue
Hadron Arm   -------> H
Electron Arm -------> P
TrigDet  -------> T.coin
**************************************************
Initializing epics
Initializing P
Howdy !  We are initializing THcScalerEvtHandler !!   name =   P
Setting scaler clock ... channel = 31 ... freq = 1e+06
Initializing H
Howdy !  We are initializing THcScalerEvtHandler !!   name =   H
Setting scaler clock ... channel = 31 ... freq = 1e+06
Initializing HC
Initializing epics
Loading cuts from DEF-files/COIN/PRODUCTION/CUTS/coin_production_cuts.def
Initializing output

THaOutput definitions: 
=== Number of variables 214

Decoder: helicity disabled

Starting analysis
Info in <THaCrateMap::init(tloc)>: Opened database file MAPS/db_cratemap.dat
Banks found (event 3554342):
 roc  bank     pos     len
   1   250    2662    1480
   1  1190    4144      84
   2   250     381    1973
   2  1190    2356     166
   3  1190    2526     132
   4   250     251     124
   6  1190      39     208
Sum                   4167
1000
2000
3000
4000
5000
6000
7000
8000
9000
10000
11000
12000
13000
14000
15000
16000
17000
18000
19000
20000
21000
22000
23000
24000
25000
26000
27000
28000
29000
30000
31000
32000
33000
34000
35000
36000
37000
38000
39000
40000
41000
42000
43000
44000
45000
46000
47000
48000
49000
50000
51000
52000
53000
54000
55000
56000
57000
58000
59000
60000
61000
62000
63000
64000
65000
66000
67000
68000
69000
70000
71000
72000
73000
74000
75000
76000
77000
78000
79000
80000
81000
82000
83000
84000
85000
86000
87000
88000
89000
90000
91000
92000
93000
94000
95000
96000
97000
98000
99000
100000
101000
102000
103000
104000
105000
106000
107000
108000
109000
110000
111000
112000
113000
114000
115000
116000
117000
118000
119000
120000
121000
122000
123000
124000
125000
126000
127000
128000
129000
130000
131000
132000
133000
134000
135000
136000
137000
138000
139000
140000
141000
142000
143000
144000
145000
146000
147000
148000
149000
150000
151000
152000
153000
154000
155000
156000
157000
158000
159000
160000
161000
162000
163000
164000
165000
166000
167000
168000
169000
170000
171000
172000
173000
174000
175000
176000
177000
178000
179000
180000
181000
182000
183000
184000
185000
186000
187000
188000
189000
190000
191000
192000
193000
194000
195000
196000
197000
198000
199000
200000
201000
202000
203000
204000
205000
206000
207000
208000
209000
210000
211000
212000
213000
214000
215000
216000
217000
218000
219000
220000
221000
222000
223000
224000
225000
226000
227000
228000
229000
230000
231000
232000
233000
234000
235000
236000
237000
238000
239000
240000
241000
242000
243000
244000
245000
246000
247000
248000
249000
250000
251000
252000
253000
254000
255000
256000
257000
258000
259000
260000
261000
262000
263000
264000
265000
266000
267000
268000
269000
270000
271000
272000
273000
274000
275000
276000
277000
278000
279000
280000
281000
282000
283000
284000
285000
286000
287000
288000
289000
290000
291000
292000
293000
294000
295000
296000
297000
298000
299000
300000
301000
302000
303000
304000
305000
306000
307000
308000
309000
310000
311000
312000
313000
314000
315000
316000
317000
318000
319000
320000
321000
322000
323000
324000
325000
326000
327000
328000
329000
330000
331000
332000
333000
334000
335000
336000
337000
338000
339000
340000
341000
342000
343000
344000
345000
346000
347000
348000
349000
350000
351000
352000
353000
354000
355000
356000
357000
358000
359000
360000
361000
362000
363000
364000
365000
366000
367000
368000
369000
370000
371000
372000
373000
374000
375000
376000
377000
378000
379000
380000
381000
382000
383000
384000
385000
386000
387000
388000
389000
390000
391000
392000
393000
394000
395000
396000
397000
398000
399000
400000
401000
402000
403000
404000
405000
406000
407000
408000
409000
410000
411000
412000
413000
414000
415000
416000
417000
418000
419000
420000
421000
422000
423000
424000
425000
426000
427000
428000
429000
430000
431000
432000
433000
434000
435000
436000
437000
438000
439000
440000
441000
442000
443000
444000
445000
446000
447000
448000
449000
450000
451000
452000
453000
454000
455000
456000
457000
458000
459000
460000
461000
462000
463000
464000
465000
466000
467000
468000
469000
470000
471000
472000
473000
474000
475000
476000
477000
478000
479000
480000
481000
482000
483000
484000
485000
486000
487000
488000
489000
490000
491000
492000
493000
494000
495000
496000
497000
498000
499000
500000
501000
502000
503000
504000
505000
506000
507000
508000
509000
510000
511000
512000
513000
514000
515000
516000
517000
518000
519000
520000
521000
522000
523000
524000
525000
526000
527000
528000
529000
530000
531000
532000
533000
534000
535000
536000
537000
538000
539000
540000
541000
542000
543000
544000
545000
546000
547000
548000
549000
550000
551000
552000
553000
554000
555000
556000
557000
558000
559000
560000
561000
562000
563000
564000
565000
566000
567000
568000
569000
570000
571000
572000
573000
574000
575000
576000
577000
578000
579000
580000
581000
582000
583000
584000
585000
586000
587000
588000
589000
590000
591000
592000
593000
594000
595000
596000
597000
598000
599000
600000
601000
602000
603000
604000
605000
606000
607000
608000
609000
610000
611000
612000
613000
614000
615000

Normal end of file ./raw/ndelta_production_26288.dat.3 encountered
Missing Ref times:             P.ngcer         0         0
Missing Ref times:                P.dc         0         0
Missing Ref times:               P.hod         0         0
Missing Ref times:             P.hgcer         0         0
Missing Ref times:              P.aero         0         0
Missing Ref times:               P.cal         0         0
Missing Ref times:                H.dc         0         0
Missing Ref times:               H.hod         0         0
Missing Ref times:               H.cer         0         0
Missing Ref times:               H.cal         0         0
Missing Ref times:              T.coin         0         0
THcScalerEvtHandler::End Analyzing 1 delayed scaler events
THcScalerEvtHandler::End Analyzing 1 delayed scaler events
End of file.
==== 2026-04-09 23:34:16 -0400
Summary for run 26288
Counter summary:
615450  events read
615450  events decoded
615224  physics events
   226  other event types
615224  physics events analyzed
610245  events accepted
   226  skipped after raw decoding
  4979  skipped after Decode

Cut summary:
Name                               Def                                                                                                   Called     Passed
-------------------------------------------------------------------------------------------------------------------------------------------------------------------
BLOCK: RawDecode
Pedestal_event                     g.evtyp==99                                                                                           615450     0      (0%)
SHMS_event                         g.evtyp==1                                                                                            615450     0      (0%)
HMS_event                          g.evtyp==2                                                                                            615450     0      (0%)
BOTH_SINGLES_event                 g.evtyp==3                                                                                            615450     0      (0%)
COIN_ONLY_event                    g.evtyp==4                                                                                            615450     615224 (100%)
SHMS_COIN_event                    g.evtyp==5                                                                                            615450     0      (0%)
HMS_COIN_event                     g.evtyp==6                                                                                            615450     0      (0%)
COIN_ALL_event                     g.evtyp==7                                                                                            615450     0      (0%)
ALL_events                         g.evtyp>=1&&g.evtyp<=7                                                                                615450     615224 (100%)
ALL_COIN_events                    g.evtyp>=4&&g.evtyp<=7                                                                                615450     615224 (100%)
ALL_HMS_events                     HMS_event||COIN_ONLY_event||HMS_COIN_event||COIN_ALL_event                                            615450     615224 (100%)
ALL_SHMS_events                    SHMS_event||COIN_ONLY_event||SHMS_COIN_event||COIN_ALL_event                                          615450     615224 (100%)
RawDecode_master                   ALL_events                                                                                            615450     615224 (100%)

BLOCK: Decode
pTRIG1_ROC2                        T.coin.pTRIG1_ROC2_tdcTime>-10000.0&&T.coin.pTRIG1_ROC2_tdcTime<10000.0                               615224     615224 (100%)
pTRIG2_ROC2                        T.coin.pTRIG2_ROC2_tdcTime>-10000.0&&T.coin.pTRIG2_ROC2_tdcTime<10000.0                               615224     615224 (100%)
pTRIG3_ROC2                        T.coin.pTRIG3_ROC2_tdcTime>-10000.0&&T.coin.pTRIG3_ROC2_tdcTime<10000.0                               615224     615224 (100%)
pTRIG4_ROC2                        T.coin.pTRIG4_ROC2_tdcTime>-10000.0&&T.coin.pTRIG4_ROC2_tdcTime<10000.0                               615224     615224 (100%)
pTRIG5_ROC2                        T.coin.pTRIG5_ROC2_tdcTime>-10000.0&&T.coin.pTRIG5_ROC2_tdcTime<10000.0                               615224     615224 (100%)
pTRIG6_ROC2                        T.coin.pTRIG6_ROC2_tdcTime>-10000.0&&T.coin.pTRIG6_ROC2_tdcTime<10000.0                               615224     615224 (100%)
pTRIG1_ROC1                        T.coin.pTRIG1_ROC1_tdcTime>-10000.0&&T.coin.pTRIG1_ROC1_tdcTime<10000.0                               615224     615224 (100%)
pTRIG2_ROC1                        T.coin.pTRIG2_ROC1_tdcTime>-10000.0&&T.coin.pTRIG2_ROC1_tdcTime<10000.0                               615224     615224 (100%)
pTRIG3_ROC1                        T.coin.pTRIG3_ROC1_tdcTime>-10000.0&&T.coin.pTRIG3_ROC1_tdcTime<10000.0                               615224     615224 (100%)
pTRIG4_ROC1                        T.coin.pTRIG4_ROC1_tdcTime>-10000.0&&T.coin.pTRIG4_ROC1_tdcTime<10000.0                               615224     615224 (100%)
pTRIG5_ROC1                        T.coin.pTRIG5_ROC1_tdcTime>-10000.0&&T.coin.pTRIG5_ROC1_tdcTime<10000.0                               615224     615224 (100%)
pTRIG6_ROC1                        T.coin.pTRIG6_ROC1_tdcTime>-10000.0&&T.coin.pTRIG6_ROC1_tdcTime<10000.0                               615224     615224 (100%)
hTRIG1_ROC2                        T.coin.hTRIG1_ROC2_tdcTime>-10000.0&&T.coin.hTRIG1_ROC2_tdcTime<10000.0                               615224     615224 (100%)
hTRIG2_ROC2                        T.coin.hTRIG2_ROC2_tdcTime>-10000.0&&T.coin.hTRIG2_ROC2_tdcTime<10000.0                               615224     615224 (100%)
hTRIG3_ROC2                        T.coin.hTRIG3_ROC2_tdcTime>-10000.0&&T.coin.hTRIG3_ROC2_tdcTime<10000.0                               615224     615224 (100%)
hTRIG4_ROC2                        T.coin.hTRIG4_ROC2_tdcTime>-10000.0&&T.coin.hTRIG4_ROC2_tdcTime<10000.0                               615224     615224 (100%)
hTRIG5_ROC2                        T.coin.hTRIG5_ROC2_tdcTime>-10000.0&&T.coin.hTRIG5_ROC2_tdcTime<10000.0                               615224     615224 (100%)
hTRIG6_ROC2                        T.coin.hTRIG6_ROC2_tdcTime>-10000.0&&T.coin.hTRIG6_ROC2_tdcTime<10000.0                               615224     615224 (100%)
hTRIG1_ROC1                        T.coin.hTRIG1_ROC1_tdcTime>-10000.0&&T.coin.hTRIG1_ROC1_tdcTime<10000.0                               615224     615224 (100%)
hTRIG2_ROC1                        T.coin.hTRIG2_ROC1_tdcTime>-10000.0&&T.coin.hTRIG2_ROC1_tdcTime<10000.0                               615224     615224 (100%)
hTRIG3_ROC1                        T.coin.hTRIG3_ROC1_tdcTime>-10000.0&&T.coin.hTRIG3_ROC1_tdcTime<10000.0                               615224     615224 (100%)
hTRIG4_ROC1                        T.coin.hTRIG4_ROC1_tdcTime>-10000.0&&T.coin.hTRIG4_ROC1_tdcTime<10000.0                               615224     615224 (100%)
hTRIG5_ROC1                        T.coin.hTRIG5_ROC1_tdcTime>-10000.0&&T.coin.hTRIG5_ROC1_tdcTime<10000.0                               615224     615224 (100%)
hTRIG6_ROC1                        T.coin.hTRIG6_ROC1_tdcTime>-10000.0&&T.coin.hTRIG6_ROC1_tdcTime<10000.0                               615224     615224 (100%)
shms_trigs                         SHMS_event                                                                                            615224     0      (0%)
hms_trigs                          HMS_event                                                                                             615224     0      (0%)
SHMS_edtm_accepted                 T.coin.pEDTM_tdcTime!=0.0                                                                             615224     4979   (0.809%)
SHMS_physics_accepted              T.coin.pEDTM_tdcTime==0.0                                                                             615224     610245 (99.2%)
HMS_edtm_accepted                  T.coin.hEDTM_tdcTime!=0.0                                                                             615224     0      (0%)
HMS_physics_accepted               T.coin.hEDTM_tdcTime==0.0                                                                             615224     615224 (100%)
goodctime                          ALL_events                                                                                            615224     615224 (100%)
tightctime                         ALL_events                                                                                            615224     615224 (100%)
ranctime                           ALL_events                                                                                            615224     615224 (100%)
pcut_good_S1_time                  T.coin.p1T_tdcTime>241&&T.coin.p1T_tdcTime<243                                                        615224     2043   (0.332%)
pcut_good_S2X_time                 T.coin.p2X_tdcTime>180&&T.coin.p2X_tdcTime<220                                                        615224     1340   (0.218%)
pcut_good_S1_S2X_time              pcut_good_S1_time&&pcut_good_S2X_time                                                                 615224     5      (0.000813%)
ALL_COIN_events_NO_EDTM            T.coin.hEDTM_tdcTime==0.0&&T.coin.pEDTM_tdcTime==0.0&&ALL_COIN_events                                 615224     610245 (99.2%)
ALL_events_NO_EDTM                 T.coin.hEDTM_tdcTime==0.0&&T.coin.pEDTM_tdcTime==0.0&&ALL_events                                      615224     610245 (99.2%)
Decode_master                      ALL_events_NO_EDTM                                                                                    615224     610245 (99.2%)

BLOCK: CoarseTracking
pcut_time_cut1                     P.dc.1u1.time>0&&P.dc.1u1.time<250                                                                    610245     587808 (96.3%)
pcut_time_cut2                     P.dc.1u2.time>0&&P.dc.1u2.time<250                                                                    610245     586224 (96.1%)
pcut_time_cut3                     P.dc.1x1.time>0&&P.dc.1x1.time<250                                                                    610245     584655 (95.8%)
pcut_time_cut4                     P.dc.1x2.time>0&&P.dc.1x2.time<250                                                                    610245     581848 (95.3%)
pcut_time_cut5                     P.dc.1v1.time>0&&P.dc.1v1.time<250                                                                    610245     583357 (95.6%)
pcut_time_cut6                     P.dc.1v2.time>0&&P.dc.1v2.time<250                                                                    610245     583791 (95.7%)
pcut_time_cut7                     P.dc.2v2.time>0&&P.dc.2v2.time<250                                                                    610245     555409 (91%)
pcut_time_cut8                     P.dc.2v1.time>0&&P.dc.2v1.time<250                                                                    610245     549332 (90%)
pcut_time_cut9                     P.dc.2x2.time>0&&P.dc.2x2.time<250                                                                    610245     555152 (91%)
pcut_time_cut10                    P.dc.2x1.time>0&&P.dc.2x1.time<250                                                                    610245     537895 (88.1%)
pcut_time_cut11                    P.dc.2u2.time>0&&P.dc.2u2.time<250                                                                    610245     554372 (90.8%)
pcut_time_cut12                    P.dc.2u1.time>0&&P.dc.2u1.time<250                                                                    610245     555905 (91.1%)
shmsDC1Planes_large                (P.dc.1x1.nhit+P.dc.1u2.nhit+P.dc.1u1.nhit+P.dc.1v1.nhit+P.dc.1x2.nhit+P.dc.1v2.nhit)>20              610245     12497  (2.05%)
shmsDC2Planes_large                (P.dc.2x1.nhit+P.dc.2u2.nhit+P.dc.2u1.nhit+P.dc.2v1.nhit+P.dc.2x2.nhit+P.dc.2v2.nhit)>20              610245     9983   (1.64%)
shmsDCany_large                    shmsDC1Planes_large||shmsDC2Planes_large                                                              610245     19534  (3.2%)
shms_ch1_gt0                       P.dc.Ch1.nhit>0                                                                                       610245     596747 (97.8%)
shms_ch2_gt0                       P.dc.Ch2.nhit>0                                                                                       610245     569657 (93.3%)
shms_ch_gt0                        P.dc.Ch2.nhit>0&&P.dc.Ch1.nhit>0                                                                      610245     564057 (92.4%)
shms_ch_gt4                        P.dc.Ch2.nhit>3&&P.dc.Ch1.nhit>3                                                                      610245     554212 (90.8%)
shms_ch2_gt0_noch1                 P.dc.Ch2.nhit>0&&P.dc.Ch1.nhit==0                                                                     610245     5600   (0.918%)
shms_ch1_gt0_noch2                 P.dc.Ch1.nhit>0&&P.dc.Ch2.nhit==0                                                                     610245     32690  (5.36%)
shms_noch1_noch2                   P.dc.Ch1.nhit==0&&P.dc.Ch2.nhit==0                                                                    610245     7898   (1.29%)
shms_ch_gt0_track                  shms_ch_gt0&&P.dc.ntrack>0                                                                            610245     534707 (87.6%)
shms_ch_gt4_track                  shms_ch_gt4&&P.dc.ntrack>0                                                                            610245     534707 (87.6%)
shms_ch1_gt0_gtime                 P.dc.Ch1.nhit>0&&pcut_good_S1_S2X_time                                                                610245     5      (0.000819%)
shms_ch2_gt0_gtime                 P.dc.Ch2.nhit>0&&pcut_good_S1_S2X_time                                                                610245     5      (0.000819%)
shms_ch_gt0_gtime                  P.dc.Ch2.nhit>0&&P.dc.Ch1.nhit>0&&pcut_good_S1_S2X_time                                               610245     5      (0.000819%)
shms_ch_gt4_gtime                  P.dc.Ch2.nhit>3&&P.dc.Ch1.nhit>3&&pcut_good_S1_S2X_time                                               610245     4      (0.000655%)
shms_ch2_gt0_noch1_gtime           P.dc.Ch2.nhit>0&&P.dc.Ch1.nhit==0&&pcut_good_S1_S2X_time                                              610245     0      (0%)
shms_ch1_gt0_noch2_gtime           P.dc.Ch1.nhit>0&&P.dc.Ch2.nhit==0&&pcut_good_S1_S2X_time                                              610245     0      (0%)
shms_noch1_noch2_gtime             P.dc.Ch1.nhit==0&&P.dc.Ch2.nhit==0&&pcut_good_S1_S2X_time                                             610245     0      (0%)
shms_ch_gt0_track_gtime            shms_ch_gt0&&P.dc.ntrack>0&&pcut_good_S1_S2X_time                                                     610245     4      (0.000655%)
shms_ch_gt4_track_gtime            shms_ch_gt4&&P.dc.ntrack>0&&pcut_good_S1_S2X_time                                                     610245     4      (0.000655%)
shmsDC1_1hit_x1                    P.dc.1x1.nhit==1                                                                                      610245     393299 (64.4%)
shmsDC1_1hit_u1                    P.dc.1u1.nhit==1                                                                                      610245     393779 (64.5%)
shmsDC1_1hit_u2                    P.dc.1u2.nhit==1                                                                                      610245     394554 (64.7%)
shmsDC1_1hit_v1                    P.dc.1v1.nhit==1                                                                                      610245     394091 (64.6%)
shmsDC1_1hit_v2                    P.dc.1v2.nhit==1                                                                                      610245     391155 (64.1%)
shmsDC1_1hit_x2                    P.dc.1x2.nhit==1                                                                                      610245     392108 (64.3%)
shmsDC2_1hit_x1                    P.dc.2x1.nhit==1                                                                                      610245     386078 (63.3%)
shmsDC2_1hit_u1                    P.dc.2u1.nhit==1                                                                                      610245     392492 (64.3%)
shmsDC2_1hit_u2                    P.dc.2u2.nhit==1                                                                                      610245     390533 (64%)
shmsDC2_1hit_v1                    P.dc.2v1.nhit==1                                                                                      610245     392128 (64.3%)
shmsDC2_1hit_v2                    P.dc.2v2.nhit==1                                                                                      610245     395475 (64.8%)
shmsDC2_1hit_x2                    P.dc.2x2.nhit==1                                                                                      610245     397581 (65.2%)
p1hit1                             P.dc.1x1.nhit>=1                                                                                      610245     588461 (96.4%)
p1hit2                             P.dc.1u1.nhit>=1                                                                                      610245     590064 (96.7%)
p1hit3                             P.dc.1u2.nhit>=1                                                                                      610245     589054 (96.5%)
p1hit4                             P.dc.1v1.nhit>=1                                                                                      610245     586305 (96.1%)
p1hit5                             P.dc.1v2.nhit>=1                                                                                      610245     586576 (96.1%)
p1hit6                             P.dc.1x2.nhit>=1                                                                                      610245     586041 (96%)
p2hit1                             P.dc.2x1.nhit>=1                                                                                      610245     545594 (89.4%)
p2hit2                             P.dc.2u1.nhit>=1                                                                                      610245     559786 (91.7%)
p2hit3                             P.dc.2u2.nhit>=1                                                                                      610245     559831 (91.7%)
p2hit4                             P.dc.2v1.nhit>=1                                                                                      610245     552661 (90.6%)
p2hit5                             P.dc.2v2.nhit>=1                                                                                      610245     559138 (91.6%)
p2hit6                             P.dc.2x2.nhit>=1                                                                                      610245     559677 (91.7%)
shmsDC1Planes6hits                 shmsDC1_1hit_x1&&shmsDC1_1hit_u1&&shmsDC1_1hit_u2&&shmsDC1_1hit_x2&&shmsDC1_1hit_v1&&shmsDC1_1hit_v2  610245     277015 (45.4%)
shmsDC2Planes6hits                 shmsDC2_1hit_x1&&shmsDC2_1hit_u1&&shmsDC2_1hit_u2&&shmsDC2_1hit_x2&&shmsDC2_1hit_v1&&shmsDC2_1hit_v2  610245     273050 (44.7%)
shmsDC1_5hits_x1                   shmsDC1_1hit_u1&&shmsDC1_1hit_u2&&shmsDC1_1hit_x2&&shmsDC1_1hit_v1&&shmsDC1_1hit_v2                   610245     287711 (47.1%)
shmsDC1_6hits_x1                   p1hit1&&shmsDC1_1hit_u1&&shmsDC1_1hit_u2&&shmsDC1_1hit_x2&&shmsDC1_1hit_v1&&shmsDC1_1hit_v2           610245     284916 (46.7%)
shmsDC1_5hits_u1                   shmsDC1_1hit_x1&&shmsDC1_1hit_u2&&shmsDC1_1hit_x2&&shmsDC1_1hit_v1&&shmsDC1_1hit_v2                   610245     290432 (47.6%)
shmsDC1_6hits_u1                   p1hit2&&shmsDC1_1hit_x1&&shmsDC1_1hit_u2&&shmsDC1_1hit_x2&&shmsDC1_1hit_v1&&shmsDC1_1hit_v2           610245     288666 (47.3%)
shmsDC1_5hits_u2                   shmsDC1_1hit_x1&&shmsDC1_1hit_u1&&shmsDC1_1hit_x2&&shmsDC1_1hit_v1&&shmsDC1_1hit_v2                   610245     289952 (47.5%)
shmsDC1_6hits_u2                   p1hit3&&shmsDC1_1hit_x1&&shmsDC1_1hit_u1&&shmsDC1_1hit_x2&&shmsDC1_1hit_v1&&shmsDC1_1hit_v2           610245     287847 (47.2%)
shmsDC1_5hits_v1                   shmsDC1_1hit_x1&&shmsDC1_1hit_u1&&shmsDC1_1hit_x2&&shmsDC1_1hit_u2&&shmsDC1_1hit_v2                   610245     289143 (47.4%)
shmsDC1_6hits_v1                   p1hit4&&shmsDC1_1hit_x1&&shmsDC1_1hit_u1&&shmsDC1_1hit_x2&&shmsDC1_1hit_u2&&shmsDC1_1hit_v2           610245     285645 (46.8%)
shmsDC1_5hits_v2                   shmsDC1_1hit_x1&&shmsDC1_1hit_u1&&shmsDC1_1hit_x2&&shmsDC1_1hit_u2&&shmsDC1_1hit_v1                   610245     290901 (47.7%)
shmsDC1_6hits_v2                   p1hit5&&shmsDC1_1hit_x1&&shmsDC1_1hit_u1&&shmsDC1_1hit_x2&&shmsDC1_1hit_u2&&shmsDC1_1hit_v1           610245     287877 (47.2%)
shmsDC1_5hits_x2                   shmsDC1_1hit_x1&&shmsDC1_1hit_u1&&shmsDC1_1hit_v1&&shmsDC1_1hit_u2&&shmsDC1_1hit_v2                   610245     287501 (47.1%)
shmsDC1_6hits_x2                   p1hit6&&shmsDC1_1hit_x1&&shmsDC1_1hit_u1&&shmsDC1_1hit_v1&&shmsDC1_1hit_u2&&shmsDC1_1hit_v2           610245     284851 (46.7%)
shmsDC2_5hits_x1                   shmsDC2_1hit_u1&&shmsDC2_1hit_u2&&shmsDC2_1hit_x2&&shmsDC2_1hit_v1&&shmsDC2_1hit_v2                   610245     292389 (47.9%)
shmsDC2_6hits_x1                   p2hit1&&shmsDC2_1hit_u1&&shmsDC2_1hit_u2&&shmsDC2_1hit_x2&&shmsDC2_1hit_v1&&shmsDC2_1hit_v2           610245     280376 (45.9%)
shmsDC2_5hits_u1                   shmsDC2_1hit_x1&&shmsDC2_1hit_u2&&shmsDC2_1hit_x2&&shmsDC2_1hit_v1&&shmsDC2_1hit_v2                   610245     286224 (46.9%)
shmsDC2_6hits_u1                   p2hit2&&shmsDC2_1hit_x1&&shmsDC2_1hit_u2&&shmsDC2_1hit_x2&&shmsDC2_1hit_v1&&shmsDC2_1hit_v2           610245     284824 (46.7%)
shmsDC2_5hits_u2                   shmsDC2_1hit_x1&&shmsDC2_1hit_u1&&shmsDC2_1hit_x2&&shmsDC2_1hit_v1&&shmsDC2_1hit_v2                   610245     285764 (46.8%)
shmsDC2_6hits_u2                   p2hit3&&shmsDC2_1hit_x1&&shmsDC2_1hit_u1&&shmsDC2_1hit_x2&&shmsDC2_1hit_v1&&shmsDC2_1hit_v2           610245     284485 (46.6%)
shmsDC2_5hits_v1                   shmsDC2_1hit_x1&&shmsDC2_1hit_u1&&shmsDC2_1hit_x2&&shmsDC2_1hit_u2&&shmsDC2_1hit_v2                   610245     289182 (47.4%)
shmsDC2_6hits_v1                   p2hit4&&shmsDC2_1hit_x1&&shmsDC2_1hit_u1&&shmsDC2_1hit_x2&&shmsDC2_1hit_u2&&shmsDC2_1hit_v2           610245     282699 (46.3%)
shmsDC2_5hits_v2                   shmsDC2_1hit_x1&&shmsDC2_1hit_u1&&shmsDC2_1hit_x2&&shmsDC2_1hit_u2&&shmsDC2_1hit_v1                   610245     285954 (46.9%)
shmsDC2_6hits_v2                   p2hit5&&shmsDC2_1hit_x1&&shmsDC2_1hit_u1&&shmsDC2_1hit_x2&&shmsDC2_1hit_u2&&shmsDC2_1hit_v1           610245     284247 (46.6%)
shmsDC2_5hits_x2                   shmsDC2_1hit_x1&&shmsDC2_1hit_u1&&shmsDC2_1hit_v1&&shmsDC2_1hit_u2&&shmsDC2_1hit_v2                   610245     281365 (46.1%)
shmsDC2_6hits_x2                   p2hit6&&shmsDC2_1hit_x1&&shmsDC2_1hit_u1&&shmsDC2_1hit_v1&&shmsDC2_1hit_u2&&shmsDC2_1hit_v2           610245     280523 (46%)
shms1HitsLt                        P.dc.Ch1.nhit<=P.dc.Ch1.maxhits&&g.evtyp==1                                                           610245     0      (0%)
shms2HitsLt                        P.dc.Ch2.nhit<=P.dc.Ch2.maxhits&&g.evtyp==1                                                           610245     0      (0%)
shmsHitsLt                         P.dc.Ch1.nhit<=P.dc.Ch1.maxhits&&P.dc.Ch2.nhit<=P.dc.Ch2.maxhits&&g.evtyp==1                          610245     0      (0%)
shmsDC1PlanesGT                    (p1hit1+p1hit2+p1hit3+p1hit4+p1hit5+p1hit6)>=5                                                        610245     587374 (96.3%)
shmsDC2PlanesGT                    (p2hit1+p2hit2+p2hit3+p2hit4+p2hit5+p2hit6)>=5                                                        610245     555377 (91%)
shmsPlanesGT                       shmsDC1PlanesGT&&shmsDC2PlanesGT                                                                      610245     545916 (89.5%)
shmsHitsPlanes                     (P.dc.Ch1.nhit<=6)&&(P.dc.Ch2.nhit<=6)&&shmsPlanesGT                                                  610245     213895 (35.1%)
pSpacePoints                       P.dc.Ch1.spacepoints>=1&&P.dc.Ch2.spacepoints>=1                                                      610245     534707 (87.6%)
pSpacePointsStub                   P.dc.stubtest==1&&P.dc.Ch1.spacepoints>=1&&P.dc.Ch2.spacepoints>=1                                    610245     534707 (87.6%)
pcut_FoundTrack                    P.dc.ntrack>0                                                                                         610245     534707 (87.6%)
pStubLT                            P.dc.stubtest==1                                                                                      610245     534707 (87.6%)
f1PSpacePoints                     shms1HitsLt&&shmsDC1PlanesGT&&P.dc.Ch1.spacepoints==0&&g.evtyp==1                                     610245     0      (0%)
f2PSpacePoints                     shms2HitsLt&&shmsDC2PlanesGT&&P.dc.Ch2.spacepoints==0&&g.evtyp==1                                     610245     0      (0%)
pTest1                             shmsHitsPlanes&&(!pSpacePoints)                                                                       610245     3564   (0.584%)
pTest2                             pSpacePoints&&(!pStubLT)                                                                              610245     0      (0%)
hcut_time_cut1                     H.dc.1x1.time>0&&H.dc.1x1.time<250                                                                    610245     561836 (92.1%)
hcut_time_cut2                     H.dc.1v2.time>0&&H.dc.1v2.time<250                                                                    610245     578300 (94.8%)
hcut_time_cut3                     H.dc.1u1.time>0&&H.dc.1u1.time<250                                                                    610245     579399 (94.9%)
hcut_time_cut4                     H.dc.1v1.time>0&&H.dc.1v1.time<250                                                                    610245     576491 (94.5%)
hcut_time_cut5                     H.dc.1u2.time>0&&H.dc.1u2.time<250                                                                    610245     580714 (95.2%)
hcut_time_cut6                     H.dc.1x2.time>0&&H.dc.1x2.time<250                                                                    610245     574577 (94.2%)
hcut_time_cut7                     H.dc.2x1.time>0&&H.dc.2x1.time<250                                                                    610245     589186 (96.5%)
hcut_time_cut8                     H.dc.2v2.time>0&&H.dc.1v2.time<250                                                                    610245     583977 (95.7%)
hcut_time_cut9                     H.dc.2u1.time>0&&H.dc.2u1.time<250                                                                    610245     591871 (97%)
hcut_time_cut10                    H.dc.2v1.time>0&&H.dc.2v1.time<250                                                                    610245     593871 (97.3%)
hcut_time_cut11                    H.dc.2u2.time>0&&H.dc.2u2.time<250                                                                    610245     593970 (97.3%)
hcut_time_cut12                    H.dc.2x2.time>0&&H.dc.2x2.time<250                                                                    610245     597479 (97.9%)
hmsDC1Planes_large                 (H.dc.1x1.nhit+H.dc.1v2.nhit+H.dc.1u1.nhit+H.dc.1v1.nhit+H.dc.1x2.nhit+H.dc.1u2.nhit)>20              610245     221    (0.0362%)
hmsDC2Planes_large                 (H.dc.2x1.nhit+H.dc.2v2.nhit+H.dc.2u1.nhit+H.dc.2v1.nhit+H.dc.2x2.nhit+H.dc.2u2.nhit)>20              610245     234    (0.0383%)
hmsDCany_large                     hmsDC1Planes_large||hmsDC2Planes_large                                                                610245     434    (0.0711%)
hmsDC1_1hit_x1                     H.dc.1x1.nhit==1                                                                                      610245     534635 (87.6%)
hmsDC1_1hit_v2                     H.dc.1v2.nhit==1                                                                                      610245     537461 (88.1%)
hmsDC1_1hit_u1                     H.dc.1u1.nhit==1                                                                                      610245     554612 (90.9%)
hmsDC1_1hit_v1                     H.dc.1v1.nhit==1                                                                                      610245     552411 (90.5%)
hmsDC1_1hit_u2                     H.dc.1u2.nhit==1                                                                                      610245     545367 (89.4%)
hmsDC1_1hit_x2                     H.dc.1x2.nhit==1                                                                                      610245     546896 (89.6%)
hmsDC2_1hit_x1                     H.dc.2x1.nhit==1                                                                                      610245     542755 (88.9%)
hmsDC2_1hit_v2                     H.dc.2v2.nhit==1                                                                                      610245     546216 (89.5%)
hmsDC2_1hit_u1                     H.dc.2u1.nhit==1                                                                                      610245     546455 (89.5%)
hmsDC2_1hit_v1                     H.dc.2v1.nhit==1                                                                                      610245     549003 (90%)
hmsDC2_1hit_u2                     H.dc.2u2.nhit==1                                                                                      610245     547930 (89.8%)
hmsDC2_1hit_x2                     H.dc.2x2.nhit==1                                                                                      610245     544827 (89.3%)
h1hit1                             H.dc.1x1.nhit>=1                                                                                      610245     574461 (94.1%)
h1hit2                             H.dc.1v2.nhit>=1                                                                                      610245     597054 (97.8%)
h1hit3                             H.dc.1u1.nhit>=1                                                                                      610245     596308 (97.7%)
h1hit4                             H.dc.1v1.nhit>=1                                                                                      610245     590905 (96.8%)
h1hit5                             H.dc.1u2.nhit>=1                                                                                      610245     597601 (97.9%)
h1hit6                             H.dc.1x2.nhit>=1                                                                                      610245     590330 (96.7%)
h2hit1                             H.dc.2x1.nhit>=1                                                                                      610245     591305 (96.9%)
h2hit2                             H.dc.2v2.nhit>=1                                                                                      610245     595788 (97.6%)
h2hit3                             H.dc.2u1.nhit>=1                                                                                      610245     593870 (97.3%)
h2hit4                             H.dc.2v1.nhit>=1                                                                                      610245     596947 (97.8%)
h2hit5                             H.dc.2u2.nhit>=1                                                                                      610245     596137 (97.7%)
h2hit6                             H.dc.2x2.nhit>=1                                                                                      610245     599570 (98.3%)
hmsDC1Planes6hits                  (H.dc.1x1.nhit+H.dc.1v2.nhit+H.dc.1u1.nhit+H.dc.1v1.nhit+H.dc.1x2.nhit+H.dc.1u2.nhit)==6              610245     356077 (58.3%)
hmsDC2Planes6hits                  (H.dc.2x1.nhit+H.dc.2v2.nhit+H.dc.2u1.nhit+H.dc.2v1.nhit+H.dc.2x2.nhit+H.dc.2u2.nhit)==6              610245     362416 (59.4%)
hmsDC1_5hits_x1                    hmsDC1_1hit_v2&&hmsDC1_1hit_u1&&hmsDC1_1hit_v1&&hmsDC1_1hit_x2&&hmsDC1_1hit_u2                        610245     388904 (63.7%)
hmsDC1_6hits_x1                    h1hit1&&hmsDC1_1hit_v2&&hmsDC1_1hit_u1&&hmsDC1_1hit_v1&&hmsDC1_1hit_x2&&hmsDC1_1hit_u2                610245     371943 (60.9%)
hmsDC1_5hits_v2                    hmsDC1_1hit_x1&&hmsDC1_1hit_u1&&hmsDC1_1hit_v1&&hmsDC1_1hit_x2&&hmsDC1_1hit_u2                        610245     390078 (63.9%)
hmsDC1_6hits_v2                    h1hit2&&hmsDC1_1hit_x1&&hmsDC1_1hit_u1&&hmsDC1_1hit_v1&&hmsDC1_1hit_x2&&hmsDC1_1hit_u2                610245     385094 (63.1%)
hmsDC1_5hits_u1                    hmsDC1_1hit_x1&&hmsDC1_1hit_v2&&hmsDC1_1hit_v1&&hmsDC1_1hit_x2&&hmsDC1_1hit_u2                        610245     377235 (61.8%)
hmsDC1_6hits_u1                    h1hit3&&hmsDC1_1hit_x1&&hmsDC1_1hit_v2&&hmsDC1_1hit_v1&&hmsDC1_1hit_x2&&hmsDC1_1hit_u2                610245     373106 (61.1%)
hmsDC1_5hits_v1                    hmsDC1_1hit_x1&&hmsDC1_1hit_v2&&hmsDC1_1hit_u1&&hmsDC1_1hit_x2&&hmsDC1_1hit_u2                        610245     378392 (62%)
hmsDC1_6hits_v1                    h1hit4&&hmsDC1_1hit_x1&&hmsDC1_1hit_v2&&hmsDC1_1hit_u1&&hmsDC1_1hit_x2&&hmsDC1_1hit_u2                610245     371590 (60.9%)
hmsDC1_5hits_x2                    hmsDC1_1hit_x1&&hmsDC1_1hit_v2&&hmsDC1_1hit_u1&&hmsDC1_1hit_v1&&hmsDC1_1hit_u2                        610245     381373 (62.5%)
hmsDC1_6hits_x2                    h1hit6&&hmsDC1_1hit_x1&&hmsDC1_1hit_v2&&hmsDC1_1hit_u1&&hmsDC1_1hit_v1&&hmsDC1_1hit_u2                610245     374096 (61.3%)
hmsDC1_5hits_u2                    hmsDC1_1hit_x1&&hmsDC1_1hit_v2&&hmsDC1_1hit_u1&&hmsDC1_1hit_v1&&hmsDC1_1hit_x2                        610245     383215 (62.8%)
hmsDC1_6hits_u2                    h1hit5&&hmsDC1_1hit_x1&&hmsDC1_1hit_v2&&hmsDC1_1hit_u1&&hmsDC1_1hit_v1&&hmsDC1_1hit_x2                610245     379149 (62.1%)
hmsDC2_5hits_x1                    hmsDC2_1hit_v2&&hmsDC2_1hit_u1&&hmsDC2_1hit_v1&&hmsDC2_1hit_x2&&hmsDC2_1hit_u2                        610245     392012 (64.2%)
hmsDC2_6hits_x1                    h2hit1&&hmsDC2_1hit_v2&&hmsDC2_1hit_u1&&hmsDC2_1hit_v1&&hmsDC2_1hit_x2&&hmsDC2_1hit_u2                610245     384287 (63%)
hmsDC2_5hits_v2                    hmsDC2_1hit_x1&&hmsDC2_1hit_u1&&hmsDC2_1hit_v1&&hmsDC2_1hit_x2&&hmsDC2_1hit_u2                        610245     389588 (63.8%)
hmsDC2_6hits_v2                    h2hit2&&hmsDC2_1hit_x1&&hmsDC2_1hit_u1&&hmsDC2_1hit_v1&&hmsDC2_1hit_x2&&hmsDC2_1hit_u2                610245     384405 (63%)
hmsDC2_5hits_u1                    hmsDC2_1hit_x1&&hmsDC2_1hit_v2&&hmsDC2_1hit_v1&&hmsDC2_1hit_x2&&hmsDC2_1hit_u2                        610245     390507 (64%)
hmsDC2_6hits_u1                    h2hit3&&hmsDC2_1hit_x1&&hmsDC2_1hit_v2&&hmsDC2_1hit_v1&&hmsDC2_1hit_x2&&hmsDC2_1hit_u2                610245     383814 (62.9%)
hmsDC2_5hits_v1                    hmsDC2_1hit_x1&&hmsDC2_1hit_v2&&hmsDC2_1hit_u1&&hmsDC2_1hit_x2&&hmsDC2_1hit_u2                        610245     388312 (63.6%)
hmsDC2_6hits_v1                    h2hit4&&hmsDC2_1hit_x1&&hmsDC2_1hit_v2&&hmsDC2_1hit_u1&&hmsDC2_1hit_x2&&hmsDC2_1hit_u2                610245     383953 (62.9%)
hmsDC2_5hits_x2                    hmsDC2_1hit_x1&&hmsDC2_1hit_v2&&hmsDC2_1hit_u1&&hmsDC2_1hit_v1&&hmsDC2_1hit_u2                        610245     390408 (64%)
hmsDC2_6hits_x2                    h2hit6&&hmsDC2_1hit_x1&&hmsDC2_1hit_v2&&hmsDC2_1hit_u1&&hmsDC2_1hit_v1&&hmsDC2_1hit_u2                610245     387657 (63.5%)
hmsDC2_5hits_u2                    hmsDC2_1hit_x1&&hmsDC2_1hit_v2&&hmsDC2_1hit_u1&&hmsDC2_1hit_v1&&hmsDC2_1hit_x2                        610245     388169 (63.6%)
hmsDC2_6hits_u2                    h2hit5&&hmsDC2_1hit_x1&&hmsDC2_1hit_v2&&hmsDC2_1hit_u1&&hmsDC2_1hit_v1&&hmsDC2_1hit_x2                610245     383338 (62.8%)
hms1HitsLt                         H.dc.Ch1.nhit<=H.dc.Ch1.maxhits&&g.evtyp==1                                                           610245     0      (0%)
hms2HitsLt                         H.dc.Ch2.nhit<=H.dc.Ch2.maxhits&&g.evtyp==1                                                           610245     0      (0%)
hmsHitsLt                          H.dc.Ch1.nhit<=H.dc.Ch1.maxhits&&H.dc.Ch2.nhit<=H.dc.Ch2.maxhits&&g.evtyp==1                          610245     0      (0%)
hmsDC1PlanesGT                     (h1hit1+h1hit2+h1hit3+h1hit4+h1hit5+h1hit6)>=5                                                        610245     588362 (96.4%)
hmsDC2PlanesGT                     (h2hit1+h2hit2+h2hit3+h2hit4+h2hit5+h2hit6)>=5                                                        610245     598238 (98%)
hmsPlanesGT                        hmsDC1PlanesGT&&hmsDC2PlanesGT                                                                        610245     581782 (95.3%)
hmsHitsPlanes                      (H.dc.Ch1.nhit<=H.dc.Ch1.maxhits)&&(H.dc.Ch2.nhit<=H.dc.Ch2.maxhits)&&hmsPlanesGT                     610245     581775 (95.3%)
hSpacePoints                       H.dc.Ch1.spacepoints>=1&&H.dc.Ch2.spacepoints>=1                                                      610245     573732 (94%)
hSpacePointsStub                   H.dc.stubtest==1&&H.dc.Ch1.spacepoints>=1&&H.dc.Ch2.spacepoints>=1                                    610245     573732 (94%)
hFoundTrack                        H.dc.ntrack>0                                                                                         610245     573732 (94%)
hStubLT                            H.dc.stubtest==1                                                                                      610245     573732 (94%)
f1HSpacePoints                     hms1HitsLt&&hmsDC1PlanesGT&&H.dc.Ch1.spacepoints==0&&g.evtyp==1                                       610245     0      (0%)
f2HSpacePoints                     hms2HitsLt&&hmsDC2PlanesGT&&H.dc.Ch2.spacepoints==0&&g.evtyp==1                                       610245     0      (0%)
hTest1                             hmsHitsPlanes&&(!hSpacePoints)                                                                        610245     8043   (1.32%)
hTest2                             hSpacePoints&&(!hStubLT)                                                                              610245     0      (0%)
CoarseTracking_master              ALL_events_NO_EDTM                                                                                    610245     610245 (100%)

BLOCK: CoarseReconstruct
CoarseReconstruct_master           ALL_events_NO_EDTM                                                                                    610245     610245 (100%)

BLOCK: Tracking
Tracking_master                    ALL_events_NO_EDTM                                                                                    610245     610245 (100%)

BLOCK: Reconstruct
pcut_cer_ng_elec                   P.ngcer.npeSum>0.5                                                                                    610245     747    (0.122%)
pcut_cer_ng_pi                     P.ngcer.npeSum<=0.5                                                                                   610245     609498 (99.9%)
pcut_cer_hg_elec                   P.hgcer.npeSum>0.5                                                                                    610245     459492 (75.3%)
pcut_cer_hg_pi                     P.hgcer.npeSum<=0.5                                                                                   610245     150753 (24.7%)
pcut_cer_pi_both                   pcut_cer_ng_pi&&pcut_cer_hg_pi                                                                        610245     150534 (24.7%)
pcut_cer_elec_both                 pcut_cer_ng_elec&&pcut_cer_hg_elec                                                                    610245     528    (0.0865%)
pcut_cal_elec                      P.cal.etracknorm>0.6&&P.cal.etracknorm<1.6                                                            610245     400446 (65.6%)
pcut_cal_pi                        P.cal.etracknorm<=0.6&&P.cal.etracknorm>0.                                                            610245     82210  (13.5%)
pcut_elec_all                      pcut_cer_ng_elec&&pcut_cer_hg_elec&&pcut_cal_elec                                                     610245     347    (0.0569%)
pcut_pi_all                        pcut_cer_ng_pi&&pcut_cer_hg_pi&&pcut_cal_pi                                                           610245     14057  (2.3%)
shmsScinGood                       P.hod.goodscinhit==1                                                                                  610245     360084 (59%)
shmsGoodBetanotrk                  P.hod.betanotrack>0.5&&P.hod.betanotrack<1.4                                                          610245     543705 (89.1%)
shmsScinShould                     shmsScinGood&&shmsGoodBetanotrk                                                                       610245     340226 (55.8%)
shmsScinShoulde                    shmsScinShould&&P.cal.etotnorm>0.6&&P.cal.etotnorm<1.6&&P.hgcer.npeSum>0.5                            610245     173121 (28.4%)
shmsScinShouldh                    shmsScinShould&&P.cal.etotnorm<=0.6&&P.cal.etotnorm>0.                                                610245     3395   (0.556%)
shmsScinDid                        shmsScinShould&&P.dc.ntrack>0                                                                         610245     330571 (54.2%)
shmsScinDide                       shmsScinShoulde&&P.dc.ntrack>0                                                                        610245     168313 (27.6%)
shmsScinDidh                       shmsScinShouldh&&P.dc.ntrack>0                                                                        610245     3024   (0.496%)
pcut_goodHDC1x1                    P.dc.1x1.nhit>0&&P.dc.1x1.nhit<3                                                                      610245     534123 (87.5%)
pcut_goodHDC1u2                    P.dc.1u2.nhit>0&&P.dc.1u2.nhit<3                                                                      610245     528919 (86.7%)
pcut_goodHDC1u1                    P.dc.1u1.nhit>0&&P.dc.1u1.nhit<3                                                                      610245     531320 (87.1%)
pcut_goodHDC1v1                    P.dc.1v1.nhit>0&&P.dc.1v1.nhit<3                                                                      610245     531886 (87.2%)
pcut_goodHDC1v2                    P.dc.1v2.nhit>0&&P.dc.1v2.nhit<3                                                                      610245     529652 (86.8%)
pcut_goodHDC1x2                    P.dc.1x2.nhit>0&&P.dc.1x2.nhit<3                                                                      610245     533143 (87.4%)
pcut_goodHDC2x1                    P.dc.2x1.nhit>0&&P.dc.2x1.nhit<3                                                                      610245     502673 (82.4%)
pcut_goodHDC2u2                    P.dc.2u2.nhit>0&&P.dc.2u2.nhit<3                                                                      610245     508239 (83.3%)
pcut_goodHDC2u1                    P.dc.2u1.nhit>0&&P.dc.2u1.nhit<3                                                                      610245     509468 (83.5%)
pcut_goodHDC2v1                    P.dc.2v1.nhit>0&&P.dc.2v1.nhit<3                                                                      610245     506783 (83%)
pcut_goodHDC2v2                    P.dc.2v2.nhit>0&&P.dc.2v2.nhit<3                                                                      610245     511263 (83.8%)
pcut_goodHDC2x2                    P.dc.2x2.nhit>0&&P.dc.2x2.nhit<3                                                                      610245     516448 (84.6%)
pcut_goodHDC1                      pcut_goodHDC1x1&&pcut_goodHDC1u2&&pcut_goodHDC1u1&&pcut_goodHDC1v1&&pcut_goodHDC1v2&&pcut_goodHDC1x2  610245     421613 (69.1%)
pcut_goodHDC2                      pcut_goodHDC2x1&&pcut_goodHDC2u2&&pcut_goodHDC2u1&&pcut_goodHDC2v1&&pcut_goodHDC2v2&&pcut_goodHDC2x2  610245     397703 (65.2%)
pcut_bothGood                      pcut_goodHDC1&&pcut_goodHDC2                                                                          610245     301426 (49.4%)
pcut_realhdc1x1                    pcut_goodHDC1x1&&((P.dc.Ch1.spacepoints+P.dc.Ch2.spacepoints)>0)                                      610245     529751 (86.8%)
pcut_realhdc1u2                    pcut_goodHDC1u2&&((P.dc.Ch1.spacepoints+P.dc.Ch2.spacepoints)>0)                                      610245     525065 (86%)
pcut_realhdc1u1                    pcut_goodHDC1u1&&((P.dc.Ch1.spacepoints+P.dc.Ch2.spacepoints)>0)                                      610245     526936 (86.3%)
pcut_realhdc1v1                    pcut_goodHDC1v1&&((P.dc.Ch1.spacepoints+P.dc.Ch2.spacepoints)>0)                                      610245     528356 (86.6%)
pcut_realhdc1v2                    pcut_goodHDC1v2&&((P.dc.Ch1.spacepoints+P.dc.Ch2.spacepoints)>0)                                      610245     526327 (86.2%)
pcut_realhdc1x2                    pcut_goodHDC1x2&&((P.dc.Ch1.spacepoints+P.dc.Ch2.spacepoints)>0)                                      610245     530183 (86.9%)
pcut_realhdc2x1                    pcut_goodHDC2x1&&((P.dc.Ch1.spacepoints+P.dc.Ch2.spacepoints)>0)                                      610245     499709 (81.9%)
pcut_realhdc2u2                    pcut_goodHDC2u2&&((P.dc.Ch1.spacepoints+P.dc.Ch2.spacepoints)>0)                                      610245     505177 (82.8%)
pcut_realhdc2u1                    pcut_goodHDC2u1&&((P.dc.Ch1.spacepoints+P.dc.Ch2.spacepoints)>0)                                      610245     506399 (83%)
pcut_realhdc2v1                    pcut_goodHDC2v1&&((P.dc.Ch1.spacepoints+P.dc.Ch2.spacepoints)>0)                                      610245     503755 (82.5%)
pcut_realhdc2v2                    pcut_goodHDC2v2&&((P.dc.Ch1.spacepoints+P.dc.Ch2.spacepoints)>0)                                      610245     508319 (83.3%)
pcut_realhdc2x2                    pcut_goodHDC2x2&&((P.dc.Ch1.spacepoints+P.dc.Ch2.spacepoints)>0)                                      610245     513437 (84.1%)
pcut_Found1Track                   P.dc.ntrack==1                                                                                        610245     368148 (60.3%)
pcut_Found2Track                   P.dc.ntrack==2                                                                                        610245     60532  (9.92%)
pcut_Found3Track                   P.dc.ntrack==3                                                                                        610245     10549  (1.73%)
pcut_Found4Track                   P.dc.ntrack==4                                                                                        610245     56948  (9.33%)
pcut_anys1x                        P.hod.1x.nhits>0                                                                                      610245     481170 (78.8%)
pcut_anys1y                        P.hod.1y.nhits>0                                                                                      610245     599707 (98.3%)
pcut_anys2x                        P.hod.2x.nhits>0                                                                                      610245     583330 (95.6%)
pcut_anys2y                        P.hod.2y.nhits>0                                                                                      610245     602056 (98.7%)
pcut_goods1x                       P.hod.1x.nhits>0&&P.hod.1x.nhits<3                                                                    610245     480304 (78.7%)
pcut_goods1y                       P.hod.1y.nhits>0&&P.hod.1y.nhits<3                                                                    610245     572471 (93.8%)
pcut_goods1                        pcut_goods1x&&pcut_goods1y                                                                            610245     459410 (75.3%)
pcut_goods2x                       P.hod.2x.nhits>0&&P.hod.2x.nhits<3                                                                    610245     574924 (94.2%)
pcut_goods2y                       P.hod.2y.nhits>0&&P.hod.2y.nhits<3                                                                    610245     502642 (82.4%)
pcut_goods2                        pcut_goods2x&&pcut_goods2y                                                                            610245     477275 (78.2%)
pcut_goods1s2                      pcut_goods1&&pcut_goods2                                                                              610245     399264 (65.4%)
SHMS_hgcer_track_matched_region_1  P.hgcer.numTracksMatched[0]>0                                                                         610245     87649  (14.4%)
SHMS_hgcer_track_fired_region_1    P.hgcer.numTracksFired[0]>0                                                                           610245     61448  (10.1%)
SHMS_hgcer_track_matched_region_2  P.hgcer.numTracksMatched[1]>0                                                                         610245     108296 (17.7%)
SHMS_hgcer_track_fired_region_2    P.hgcer.numTracksFired[1]>0                                                                           610245     72685  (11.9%)
SHMS_hgcer_track_matched_region_3  P.hgcer.numTracksMatched[2]>0                                                                         610245     119261 (19.5%)
SHMS_hgcer_track_fired_region_3    P.hgcer.numTracksFired[2]>0                                                                           610245     103615 (17%)
SHMS_hgcer_track_matched_region_4  P.hgcer.numTracksMatched[3]>0                                                                         610245     76354  (12.5%)
SHMS_hgcer_track_fired_region_4    P.hgcer.numTracksFired[3]>0                                                                           610245     70454  (11.5%)
SHMS_hgcer_track_matched_tot       P.hgcer.totNumTracksMatched>0                                                                         610245     391560 (64.2%)
SHMS_hgcer_track_fired_tot         P.hgcer.totNumTracksFired>0                                                                           610245     308202 (50.5%)
SHMS_ngcer_track_matched_region_1  P.ngcer.numTracksMatched[0]>0                                                                         610245     76186  (12.5%)
SHMS_ngcer_track_fired_region_1    P.ngcer.numTracksFired[0]>0                                                                           610245     82     (0.0134%)
SHMS_ngcer_track_matched_region_2  P.ngcer.numTracksMatched[1]>0                                                                         610245     105652 (17.3%)
SHMS_ngcer_track_fired_region_2    P.ngcer.numTracksFired[1]>0                                                                           610245     145    (0.0238%)
SHMS_ngcer_track_matched_region_3  P.ngcer.numTracksMatched[2]>0                                                                         610245     130807 (21.4%)
SHMS_ngcer_track_fired_region_3    P.ngcer.numTracksFired[2]>0                                                                           610245     149    (0.0244%)
SHMS_ngcer_track_matched_region_4  P.ngcer.numTracksMatched[3]>0                                                                         610245     78915  (12.9%)
SHMS_ngcer_track_fired_region_4    P.ngcer.numTracksFired[3]>0                                                                           610245     90     (0.0147%)
SHMS_ngcer_track_matched_tot       P.ngcer.totNumTracksMatched>0                                                                         610245     391560 (64.2%)
SHMS_ngcer_track_fired_tot         P.ngcer.totNumTracksFired>0                                                                           610245     466    (0.0764%)
SHMS_aero_track_matched_region_1   P.aero.numTracksMatched[0]>0                                                                          610245     391494 (64.2%)
SHMS_aero_track_fired_region_1     P.aero.numTracksFired[0]>0                                                                            610245     382458 (62.7%)
SHMS_aero_track_matched_region_2   P.aero.numTracksMatched[1]>0                                                                          610245     0      (0%)
SHMS_aero_track_fired_region_2     P.aero.numTracksFired[1]>0                                                                            610245     0      (0%)
SHMS_aero_track_matched_region_3   P.aero.numTracksMatched[2]>0                                                                          610245     0      (0%)
SHMS_aero_track_fired_region_3     P.aero.numTracksFired[2]>0                                                                            610245     0      (0%)
SHMS_aero_track_matched_region_4   P.aero.numTracksMatched[3]>0                                                                          610245     0      (0%)
SHMS_aero_track_fired_region_4     P.aero.numTracksFired[3]>0                                                                            610245     0      (0%)
SHMS_aero_track_matched_region_5   P.aero.numTracksMatched[4]>0                                                                          610245     0      (0%)
SHMS_aero_track_fired_region_5     P.aero.numTracksFired[4]>0                                                                            610245     0      (0%)
SHMS_aero_track_matched_region_6   P.aero.numTracksMatched[5]>0                                                                          610245     0      (0%)
SHMS_aero_track_fired_region_6     P.aero.numTracksFired[5]>0                                                                            610245     0      (0%)
SHMS_aero_track_matched_region_7   P.aero.numTracksMatched[6]>0                                                                          610245     0      (0%)
SHMS_aero_track_fired_region_7     P.aero.numTracksFired[6]>0                                                                            610245     0      (0%)
SHMS_aero_track_matched_tot        P.aero.totNumTracksMatched>0                                                                          610245     391494 (64.2%)
SHMS_aero_track_fired_tot          P.aero.totNumTracksFired>0                                                                            610245     382458 (62.7%)
hcut_cer_pmt1_elec                 H.cer.npe[0]>.5                                                                                       610245     92913  (15.2%)
hcut_cer_pmt2_elec                 H.cer.npe[0]>.5                                                                                       610245     92913  (15.2%)
hcut_cer_elec                      H.cer.npeSum>.5                                                                                       610245     100479 (16.5%)
hcut_cer_pi                        H.cer.npeSum<.5                                                                                       610245     509766 (83.5%)
HMSScinGood                        H.hod.goodscinhit==1                                                                                  610245     249186 (40.8%)
HMSGoodBetanotrk                   H.hod.betanotrack>0.8&&H.hod.betanotrack<1.3                                                          610245     149972 (24.6%)
HMSScinShould                      HMSScinGood&&HMSGoodBetanotrk                                                                         610245     65013  (10.7%)
HMSScinShoulde                     HMSScinShould&&H.cal.etotnorm>0.6&&H.cal.etotnorm<2.0&&H.cer.npeSum>0.5                               610245     269    (0.0441%)
HMSScinShouldh                     HMSScinGood&&H.cal.etotnorm<0.6&&H.cal.etotnorm>0.0&&H.cer.npeSum<0.5                                 610245     6332   (1.04%)
HMSScinDid                         HMSScinShould&&H.dc.ntrack>0                                                                          610245     56386  (9.24%)
HMSScinDide                        HMSScinShoulde&&H.dc.ntrack>0                                                                         610245     251    (0.0411%)
HMSScinDidh                        HMSScinShouldh&&H.dc.ntrack>0                                                                         610245     5510   (0.903%)
hcut_goodHDC1x1                    H.dc.1x1.nhit>0&&H.dc.1x1.nhit<3                                                                      610245     559797 (91.7%)
hcut_goodHDC1v2                    H.dc.1v2.nhit>0&&H.dc.1v2.nhit<3                                                                      610245     576625 (94.5%)
hcut_goodHDC1u1                    H.dc.1u1.nhit>0&&H.dc.1u1.nhit<3                                                                      610245     582652 (95.5%)
hcut_goodHDC1v1                    H.dc.1v1.nhit>0&&H.dc.1v1.nhit<3                                                                      610245     578732 (94.8%)
hcut_goodHDC1u2                    H.dc.1u2.nhit>0&&H.dc.1u2.nhit<3                                                                      610245     574446 (94.1%)
hcut_goodHDC1x2                    H.dc.1x2.nhit>0&&H.dc.1x2.nhit<3                                                                      610245     573146 (93.9%)
hcut_goodHDC2x1                    H.dc.2x1.nhit>0&&H.dc.2x1.nhit<3                                                                      610245     570277 (93.5%)
hcut_goodHDC2v2                    H.dc.2v2.nhit>0&&H.dc.2v2.nhit<3                                                                      610245     574477 (94.1%)
hcut_goodHDC2u1                    H.dc.2u1.nhit>0&&H.dc.2u1.nhit<3                                                                      610245     575139 (94.2%)
hcut_goodHDC2v1                    H.dc.2v1.nhit>0&&H.dc.2v1.nhit<3                                                                      610245     577198 (94.6%)
hcut_goodHDC2u2                    H.dc.2u2.nhit>0&&H.dc.2u2.nhit<3                                                                      610245     575901 (94.4%)
hcut_goodHDC2x2                    H.dc.2x2.nhit>0&&H.dc.2x2.nhit<3                                                                      610245     572981 (93.9%)
hcut_goodHDC1                      hcut_goodHDC1x1&&hcut_goodHDC1v2&&hcut_goodHDC1u1&&hcut_goodHDC1v1&&hcut_goodHDC1u2&&hcut_goodHDC1x2  610245     452512 (74.2%)
hcut_goodHDC2                      hcut_goodHDC2x1&&hcut_goodHDC2v2&&hcut_goodHDC2u1&&hcut_goodHDC2v1&&hcut_goodHDC2u2&&hcut_goodHDC2x2  610245     453572 (74.3%)
hcut_bothGood                      hcut_goodHDC1&&hcut_goodHDC2                                                                          610245     344603 (56.5%)
hcut_realhdc1x1                    hcut_goodHDC1x1&&((H.dc.Ch1.spacepoints+H.dc.Ch2.spacepoints)>0)                                      610245     558586 (91.5%)
hcut_realhdc1v2                    hcut_goodHDC1v2&&((H.dc.Ch1.spacepoints+H.dc.Ch2.spacepoints)>0)                                      610245     574809 (94.2%)
hcut_realhdc1u1                    hcut_goodHDC1u1&&((H.dc.Ch1.spacepoints+H.dc.Ch2.spacepoints)>0)                                      610245     580910 (95.2%)
hcut_realhdc1v1                    hcut_goodHDC1v1&&((H.dc.Ch1.spacepoints+H.dc.Ch2.spacepoints)>0)                                      610245     577034 (94.6%)
hcut_realhdc1u2                    hcut_goodHDC1u2&&((H.dc.Ch1.spacepoints+H.dc.Ch2.spacepoints)>0)                                      610245     572810 (93.9%)
hcut_realhdc1x2                    hcut_goodHDC1x2&&((H.dc.Ch1.spacepoints+H.dc.Ch2.spacepoints)>0)                                      610245     571647 (93.7%)
hcut_realhdc2x1                    hcut_goodHDC2x1&&((H.dc.Ch1.spacepoints+H.dc.Ch2.spacepoints)>0)                                      610245     569298 (93.3%)
hcut_realhdc2v2                    hcut_goodHDC2v2&&((H.dc.Ch1.spacepoints+H.dc.Ch2.spacepoints)>0)                                      610245     573502 (94%)
hcut_realhdc2u1                    hcut_goodHDC2u1&&((H.dc.Ch1.spacepoints+H.dc.Ch2.spacepoints)>0)                                      610245     574233 (94.1%)
hcut_realhdc2v1                    hcut_goodHDC2v1&&((H.dc.Ch1.spacepoints+H.dc.Ch2.spacepoints)>0)                                      610245     576232 (94.4%)
hcut_realhdc2u2                    hcut_goodHDC2u2&&((H.dc.Ch1.spacepoints+H.dc.Ch2.spacepoints)>0)                                      610245     574895 (94.2%)
hcut_realhdc2x2                    hcut_goodHDC2x2&&((H.dc.Ch1.spacepoints+H.dc.Ch2.spacepoints)>0)                                      610245     571829 (93.7%)
hcut_FoundTrack                    H.dc.ntrack>0                                                                                         610245     573732 (94%)
hcut_Found1Track                   H.dc.ntrack==1                                                                                        610245     525874 (86.2%)
hcut_Found2Track                   H.dc.ntrack==2                                                                                        610245     41013  (6.72%)
hcut_Found3Track                   H.dc.ntrack==3                                                                                        610245     3051   (0.5%)
hcut_Found4Track                   H.dc.ntrack==4                                                                                        610245     2874   (0.471%)
hcut_anys1x                        H.hod.1x.nhits>0                                                                                      610245     609994 (100%)
hcut_anys1y                        H.hod.1y.nhits>0                                                                                      610245     609937 (99.9%)
hcut_anys2x                        H.hod.2x.nhits>0                                                                                      610245     609708 (99.9%)
hcut_anys2y                        H.hod.2y.nhits>0                                                                                      610245     450097 (73.8%)
hcut_goods1x                       H.hod.1x.nhits>0&&H.hod.1x.nhits<3                                                                    610245     607427 (99.5%)
hcut_goods1y                       H.hod.1y.nhits>0&&H.hod.1y.nhits<3                                                                    610245     608146 (99.7%)
hcut_goods1                        hcut_goods1x&&hcut_goods1y                                                                            610245     605563 (99.2%)
hcut_goods2x                       H.hod.2x.nhits>0&&H.hod.2x.nhits<3                                                                    610245     606537 (99.4%)
hcut_goods2y                       H.hod.2y.nhits>0&&H.hod.2y.nhits<3                                                                    610245     447184 (73.3%)
hcut_goods2                        hcut_goods2x&&hcut_goods2y                                                                            610245     444140 (72.8%)
hcut_goods1s2                      hcut_goods1&&hcut_goods2                                                                              610245     440593 (72.2%)
HMS_hcer_track_matched_region_1    H.cer.numTracksMatched[0]>0                                                                           610245     3687   (0.604%)
HMS_hcer_track_fired_region_1      H.cer.numTracksFired[0]>0                                                                             610245     635    (0.104%)
HMS_hcer_track_matched_region_2    H.cer.numTracksMatched[1]>0                                                                           610245     2211   (0.362%)
HMS_hcer_track_fired_region_2      H.cer.numTracksFired[1]>0                                                                             610245     441    (0.0723%)
HMS_hcer_track_matched_tot         H.cer.totNumTracksMatched>0                                                                           610245     7900   (1.29%)
HMS_hcer_track_fired_tot           H.cer.totNumTracksFired>0                                                                             610245     1459   (0.239%)
Reconstruct_master                 ALL_events_NO_EDTM                                                                                    610245     610245 (100%)

BLOCK: Physics
hcut_CleanTrack                    H.gtr.index>-1&&H.gtr.dp>-8.0&&H.gtr.dp<8.0                                                           610245     405540 (66.5%)
hcut_Clean1Track                   H.gtr.index==0                                                                                        610245     545056 (89.3%)
hcut_Clean2Track                   H.gtr.index==1                                                                                        610245     25108  (4.11%)
hcut_Clean3Track                   H.gtr.index==2                                                                                        610245     1761   (0.289%)
hcut_Clean4Track                   H.gtr.index==3                                                                                        610245     1371   (0.225%)
pcut_CleanTrack                    P.gtr.index>-1&&P.gtr.dp>-10.0&&P.gtr.dp<22.0                                                         610245     467115 (76.5%)
pcut_Clean1Track                   P.gtr.index==0                                                                                        610245     422024 (69.2%)
pcut_Clean2Track                   P.gtr.index==1                                                                                        610245     46212  (7.57%)
pcut_Clean3Track                   P.gtr.index==2                                                                                        610245     10168  (1.67%)
pcut_Clean4Track                   P.gtr.index==3                                                                                        610245     34485  (5.65%)
pcut_CleanTrack_cer_elec           (P.gtr.index>-1)&&pcut_cer_elec_both                                                                  610245     460    (0.0754%)
pcut_p1hit1_cer_elec               p1hit1&&pcut_cer_elec_both                                                                            610245     508    (0.0832%)
pcut_CleanTrack_cal_elec           (P.gtr.index>-1)&&pcut_cal_elec                                                                       610245     400446 (65.6%)
pcut_p1hit1_cal_elec               p1hit1&&pcut_cal_elec                                                                                 610245     397369 (65.1%)
hcleantrack                        H.gtr.index>-1                                                                                        610245     573732 (94%)
pcleantrack                        P.gtr.index>-1                                                                                        610245     534707 (87.6%)
ccleantrack                        hcleantrack&&pcleantrack                                                                              610245     503163 (82.5%)
coin_ndelta                        abs(CTime.epCoinTime_ROC2-160)<10                                                                     610245     145310 (23.8%)
sideband1                          abs(CTime.epCoinTime_ROC2-180)<10                                                                     610245     72266  (11.8%)
sideband2                          abs(CTime.epCoinTime_ROC2-140)<10                                                                     610245     79687  (13.1%)
sideband                           sideband1||sideband2                                                                                  610245     151953 (24.9%)
coincut                            ccleantrack&&goodctime                                                                                610245     503163 (82.5%)
tight_coin                         ccleantrack&&tightctime                                                                               610245     503163 (82.5%)
ran_coincut                        ccleantrack&&ranctime                                                                                 610245     503163 (82.5%)
he_cut_cal                         H.cal.etottracknorm>0.6&&H.cal.etottracknorm<1.6                                                      610245     1893   (0.31%)
he_cut_cer                         H.cer.npeSum>0.5                                                                                      610245     100479 (16.5%)
hselect_e_cut                      he_cut_cal&&he_cut_cer                                                                                610245     537    (0.088%)
hbetacut_proton                    P.gtr.beta>0.3&&P.gtr.beta<0.6                                                                        610245     943    (0.155%)
hcoincut_ep                        ccleantrack&&hselect_e_cut&&hbetacut_proton                                                           610245     0      (0%)
pe_cut_cal                         P.cal.etottracknorm>0.6                                                                               610245     517383 (84.8%)
pe_cut_cer                         P.hgcer.npeSum>1                                                                                      610245     454811 (74.5%)
pselect_e_cut                      pe_cut_cal&&pe_cut_cer                                                                                610245     393682 (64.5%)
pbetacut_proton                    H.gtr.beta>0.3&&H.gtr.beta<0.6                                                                        610245     311261 (51%)
pcoincut_ep                        ccleantrack&&pselect_e_cut&&pbetacut_proton                                                           610245     203015 (33.3%)
h_mom_acc_cut                      H.gtr.dp>-8.0&&H.gtr.dp<8.0                                                                           610245     405540 (66.5%)
p_mom_acc_cut                      P.gtr.dp>-10&&P.gtr.dp<22                                                                             610245     467115 (76.5%)
detector_cut                       h_mom_acc_cut&&p_mom_acc_cut&&pselect_e_cut                                                           610245     234239 (38.4%)
W_cut                              abs(P.kin.primary.W-1.230)<0.005                                                                      610245     40767  (6.68%)
Q2_cut_kin_d                       abs(P.kin.primary.Q2-0.05)<0.005                                                                      610245     192985 (31.6%)
Q2_cut_kin_a                       abs(P.kin.primary.Q2-0.026)<0.005                                                                     610245     3359   (0.55%)
Q2_cut_kin_b                       abs(P.kin.primary.Q2-0.03)<0.005                                                                      610245     15625  (2.56%)
Q2_cut_kin_c                       abs(P.kin.primary.Q2-0.04)<0.005                                                                      610245     164975 (27%)
th_pq_cut_kin_1d                   H.kin.secondary.thx_cm*180/3.141952<10                                                                610245     1162   (0.19%)
th_pq_cut_kin_2d                   abs(H.kin.secondary.thx_cm*180/3.141592-17.5)<3                                                       610245     1810   (0.297%)
th_pq_cut_kin_3d                   abs(H.kin.secondary.thx_cm*180/3.141592-33)<3                                                         610245     3461   (0.567%)
th_pq_cut_kin_5d                   abs(H.kin.secondary.thx_cm*180/3.141592-55)<3                                                         610245     3035   (0.497%)
th_pq_cut_kin_6d                   abs(H.kin.secondary.thx_cm*180/3.141592-75)<3                                                         610245     45504  (7.46%)
th_pq_cut_kin_7d                   abs(H.kin.secondary.thx_cm*180/3.141592-85)<3                                                         610245     85014  (13.9%)
kine_cut_kin_1d                    W_cut&&Q2_cut_kin_d&&th_pq_cut_kin_1d                                                                 610245     0      (0%)
kine_cut_kin_2d                    W_cut&&Q2_cut_kin_d&&th_pq_cut_kin_2d                                                                 610245     0      (0%)
kine_cut_kin_3d                    W_cut&&Q2_cut_kin_d&&th_pq_cut_kin_3d                                                                 610245     0      (0%)
kine_cut_kin_5d                    W_cut&&Q2_cut_kin_d&&th_pq_cut_kin_5d                                                                 610245     1      (0.000164%)
kine_cut_kin_6d                    W_cut&&Q2_cut_kin_d&&th_pq_cut_kin_6d                                                                 610245     382    (0.0626%)
kine_cut_kin_7d                    W_cut&&Q2_cut_kin_d&&th_pq_cut_kin_7d                                                                 610245     5618   (0.921%)
ana_kin_1d                         kine_cut_kin_1d&&detector_cut                                                                         610245     0      (0%)
ana_kin_2d                         kine_cut_kin_2d&&detector_cut                                                                         610245     0      (0%)
ana_kin_3d                         kine_cut_kin_3d&&detector_cut                                                                         610245     0      (0%)
ana_kin_5d                         kine_cut_kin_5d&&detector_cut                                                                         610245     0      (0%)
ana_kin_6d                         kine_cut_kin_6d&&detector_cut                                                                         610245     5      (0.000819%)
ana_kin_7d                         kine_cut_kin_7d&&detector_cut                                                                         610245     3423   (0.561%)
coinpeak_kin_1d                    coin_ndelta&&ana_kin_1d                                                                               610245     0      (0%)
coinpeak_kin_2d                    coin_ndelta&&ana_kin_2d                                                                               610245     0      (0%)
coinpeak_kin_3d                    coin_ndelta&&ana_kin_3d                                                                               610245     0      (0%)
coinpeak_kin_4d                    coinpeak_kin_3d                                                                                       610245     0      (0%)
coinpeak_kin_5d                    coin_ndelta&&ana_kin_5d                                                                               610245     0      (0%)
coinpeak_kin_6d                    coin_ndelta&&ana_kin_6d                                                                               610245     1      (0.000164%)
coinpeak_kin_7d                    coin_ndelta&&ana_kin_7d                                                                               610245     1201   (0.197%)
sideband_kin_1d                    sideband&&ana_kin_1d                                                                                  610245     0      (0%)
sideband_kin_2d                    sideband&&ana_kin_2d                                                                                  610245     0      (0%)
sideband_kin_3d                    sideband&&ana_kin_3d                                                                                  610245     0      (0%)
sideband_kin_4d                    sideband_kin_3d                                                                                       610245     0      (0%)
sideband_kin_5d                    sideband&&ana_kin_5d                                                                                  610245     0      (0%)
sideband_kin_6d                    sideband&&ana_kin_6d                                                                                  610245     1      (0.000164%)
sideband_kin_7d                    sideband&&ana_kin_7d                                                                                  610245     1032   (0.169%)
Physics_master                     ALL_events_NO_EDTM                                                                                    610245     610245 (100%)

Total     : Real Time = 1174.69 seconds Cpu Time = 1155.73 seconds
Error in <THcFormula::Compile>:  Bad numerical expression : "P.EDTM.scalerCutRate"
Error in <THcFormula::Compile>:  Bad numerical expression : "P.EDTM.scalerCutRate"
Error in <THcFormula::Compile>:  Bad numerical expression : "H.EDTM.scalerCutRate"
Error in <THcFormula::Compile>:  Bad numerical expression : "H.EDTM.scalerCutRate"
